{
  "config": {
    "configFile": "C:\\Coding\\HomeMatch_VSCode\\homematch-v2\\playwright.config.ts",
    "rootDir": "C:/Coding/HomeMatch_VSCode/homematch-v2/__tests__/e2e",
    "forbidOnly": false,
    "fullyParallel": false,
    "globalSetup": null,
    "globalTeardown": null,
    "globalTimeout": 0,
    "grep": {},
    "grepInvert": null,
    "maxFailures": 0,
    "metadata": {
      "actualWorkers": 8
    },
    "preserveOutput": "always",
    "reporter": [
      [
        "json"
      ]
    ],
    "reportSlowTests": {
      "max": 5,
      "threshold": 300000
    },
    "quiet": false,
    "projects": [
      {
        "outputDir": "C:/Coding/HomeMatch_VSCode/homematch-v2/test-results",
        "repeatEach": 1,
        "retries": 0,
        "metadata": {
          "actualWorkers": 8
        },
        "id": "chromium",
        "name": "chromium",
        "testDir": "C:/Coding/HomeMatch_VSCode/homematch-v2/__tests__/e2e",
        "testIgnore": [],
        "testMatch": [
          "**/*.@(spec|test).?(c|m)[jt]s?(x)"
        ],
        "timeout": 30000
      },
      {
        "outputDir": "C:/Coding/HomeMatch_VSCode/homematch-v2/test-results",
        "repeatEach": 1,
        "retries": 0,
        "metadata": {
          "actualWorkers": 8
        },
        "id": "firefox",
        "name": "firefox",
        "testDir": "C:/Coding/HomeMatch_VSCode/homematch-v2/__tests__/e2e",
        "testIgnore": [],
        "testMatch": [
          "**/*.@(spec|test).?(c|m)[jt]s?(x)"
        ],
        "timeout": 30000
      },
      {
        "outputDir": "C:/Coding/HomeMatch_VSCode/homematch-v2/test-results",
        "repeatEach": 1,
        "retries": 0,
        "metadata": {
          "actualWorkers": 8
        },
        "id": "webkit",
        "name": "webkit",
        "testDir": "C:/Coding/HomeMatch_VSCode/homematch-v2/__tests__/e2e",
        "testIgnore": [],
        "testMatch": [
          "**/*.@(spec|test).?(c|m)[jt]s?(x)"
        ],
        "timeout": 30000
      }
    ],
    "shard": null,
    "updateSnapshots": "missing",
    "updateSourceMethod": "patch",
    "version": "1.54.1",
    "workers": 8,
    "webServer": {
      "command": "node scripts/start-test-server-dev.js",
      "url": "http://localhost:3000",
      "reuseExistingServer": true,
      "timeout": 120000,
      "env": {
        "NODE_ENV": "development",
        "FORCE_COLOR": "0"
      }
    }
  },
  "suites": [
    {
      "title": "auth-fixtures-comprehensive.spec.ts",
      "file": "auth-fixtures-comprehensive.spec.ts",
      "column": 0,
      "line": 0,
      "specs": [
        {
          "title": "Comprehensive Auth - should complete full login flow",
          "ok": false,
          "tags": [],
          "tests": [
            {
              "timeout": 30000,
              "annotations": [],
              "expectedStatus": "passed",
              "projectId": "chromium",
              "projectName": "chromium",
              "results": [
                {
                  "workerIndex": 0,
                  "parallelIndex": 0,
                  "status": "failed",
                  "duration": 13911,
                  "error": {
                    "message": "Error: Failed to authenticate user test1@example.com: URL did not match expected pattern",
                    "stack": "Error: Failed to authenticate user test1@example.com: URL did not match expected pattern\n    at Object.waitForAuthRedirect (C:\\Coding\\HomeMatch_VSCode\\homematch-v2\\__tests__\\fixtures\\utils.ts:110:17)\n    at Object.login (C:\\Coding\\HomeMatch_VSCode\\homematch-v2\\__tests__\\fixtures\\auth.ts:61:11)\n    at C:\\Coding\\HomeMatch_VSCode\\homematch-v2\\__tests__\\e2e\\auth-fixtures-comprehensive.spec.ts:24:5\n    at Object.retry (C:\\Coding\\HomeMatch_VSCode\\homematch-v2\\__tests__\\fixtures\\retry.ts:35:20)\n    at C:\\Coding\\HomeMatch_VSCode\\homematch-v2\\__tests__\\e2e\\auth-fixtures-comprehensive.spec.ts:23:3",
                    "location": {
                      "file": "C:\\Coding\\HomeMatch_VSCode\\homematch-v2\\__tests__\\fixtures\\utils.ts",
                      "column": 17,
                      "line": 110
                    },
                    "snippet": "\u001b[90m   at \u001b[39m..\\fixtures\\utils.ts:110\n\n\u001b[0m \u001b[90m 108 |\u001b[39m           }\n \u001b[90m 109 |\u001b[39m           \n\u001b[31m\u001b[1m>\u001b[22m\u001b[39m\u001b[90m 110 |\u001b[39m           \u001b[36mthrow\u001b[39m \u001b[36mnew\u001b[39m \u001b[33mError\u001b[39m(\u001b[32m`${errorMessage}: URL did not match expected pattern`\u001b[39m)\n \u001b[90m     |\u001b[39m                 \u001b[31m\u001b[1m^\u001b[22m\u001b[39m\n \u001b[90m 111 |\u001b[39m         }\n \u001b[90m 112 |\u001b[39m       }\n \u001b[90m 113 |\u001b[39m     }\u001b[0m"
                  },
                  "errors": [
                    {
                      "location": {
                        "file": "C:\\Coding\\HomeMatch_VSCode\\homematch-v2\\__tests__\\fixtures\\utils.ts",
                        "column": 17,
                        "line": 110
                      },
                      "message": "Error: Failed to authenticate user test1@example.com: URL did not match expected pattern\n\n   at ..\\fixtures\\utils.ts:110\n\n  108 |           }\n  109 |           \n> 110 |           throw new Error(`${errorMessage}: URL did not match expected pattern`)\n      |                 ^\n  111 |         }\n  112 |       }\n  113 |     }\n    at Object.waitForAuthRedirect (C:\\Coding\\HomeMatch_VSCode\\homematch-v2\\__tests__\\fixtures\\utils.ts:110:17)\n    at Object.login (C:\\Coding\\HomeMatch_VSCode\\homematch-v2\\__tests__\\fixtures\\auth.ts:61:11)\n    at C:\\Coding\\HomeMatch_VSCode\\homematch-v2\\__tests__\\e2e\\auth-fixtures-comprehensive.spec.ts:24:5\n    at Object.retry (C:\\Coding\\HomeMatch_VSCode\\homematch-v2\\__tests__\\fixtures\\retry.ts:35:20)\n    at C:\\Coding\\HomeMatch_VSCode\\homematch-v2\\__tests__\\e2e\\auth-fixtures-comprehensive.spec.ts:23:3"
                    }
                  ],
                  "stdout": [
                    {
                      "text": "\u001b[36m[2025-07-31T05:33:52.367Z] [INFO] [STEP]\u001b[0m Starting test: Comprehensive Auth - should complete full login flow\n"
                    },
                    {
                      "text": "\u001b[36m[2025-07-31T05:33:52.372Z] [INFO] [STEP]\u001b[0m Starting comprehensive authentication test\n"
                    },
                    {
                      "text": "\u001b[31m[2025-07-31T05:33:56.180Z] [ERROR] [CONSOLE]\u001b[0m Failed to load resource: the server responded with a status of 400 ()\n"
                    },
                    {
                      "text": "\u001b[31m  Data:\u001b[0m {\n  location: {\n    url: \u001b[32m'https://lpwlbbowavozpywnpamn.supabase.co/auth/v1/token?grant_type=password'\u001b[39m,\n    lineNumber: \u001b[33m0\u001b[39m,\n    columnNumber: \u001b[33m0\u001b[39m\n  }\n}\n"
                    },
                    {
                      "text": "\u001b[36m[2025-07-31T05:34:05.917Z] [INFO] [TEST_COMPLETE]\u001b[0m Test failed: Comprehensive Auth - should complete full login flow\n"
                    },
                    {
                      "text": "\u001b[36m  Data:\u001b[0m { duration: \u001b[33m13886\u001b[39m, status: \u001b[32m'failed'\u001b[39m, errors: \u001b[33m1\u001b[39m }\n"
                    },
                    {
                      "text": "ðŸ“Š Test failure logs saved\n"
                    },
                    {
                      "text": "{\n  \"total\": 4,\n  \"byLevel\": {\n    \"info\": 3,\n    \"warn\": 0,\n    \"error\": 1,\n    \"debug\": 0\n  },\n  \"byCategory\": {\n    \"STEP\": 2,\n    \"CONSOLE\": 1,\n    \"TEST_COMPLETE\": 1\n  }\n}\n"
                    }
                  ],
                  "stderr": [],
                  "retry": 0,
                  "startTime": "2025-07-31T05:33:51.836Z",
                  "annotations": [],
                  "attachments": [
                    {
                      "name": "error-context",
                      "contentType": "text/markdown",
                      "path": "C:\\Coding\\HomeMatch_VSCode\\homematch-v2\\test-results\\auth-fixtures-comprehensiv-1f049-ld-complete-full-login-flow-chromium\\error-context.md"
                    }
                  ],
                  "errorLocation": {
                    "file": "C:\\Coding\\HomeMatch_VSCode\\homematch-v2\\__tests__\\fixtures\\utils.ts",
                    "column": 17,
                    "line": 110
                  }
                }
              ],
              "status": "unexpected"
            }
          ],
          "id": "f9dc4dd74c7074e088fa-e7e35a622471bfd3529e",
          "file": "auth-fixtures-comprehensive.spec.ts",
          "line": 12,
          "column": 5
        },
        {
          "title": "Comprehensive Auth - should handle login form interactions",
          "ok": true,
          "tags": [],
          "tests": [
            {
              "timeout": 30000,
              "annotations": [],
              "expectedStatus": "passed",
              "projectId": "chromium",
              "projectName": "chromium",
              "results": [
                {
                  "workerIndex": 11,
                  "parallelIndex": 0,
                  "status": "passed",
                  "duration": 3228,
                  "errors": [],
                  "stdout": [
                    {
                      "text": "\u001b[36m[2025-07-31T05:34:08.144Z] [INFO] [STEP]\u001b[0m Starting test: Comprehensive Auth - should handle login form interactions\n"
                    },
                    {
                      "text": "\u001b[36m[2025-07-31T05:34:08.147Z] [INFO] [STEP]\u001b[0m Testing detailed login form interactions\n"
                    },
                    {
                      "text": "\u001b[36m[2025-07-31T05:34:11.097Z] [INFO] [STEP]\u001b[0m Form interaction test completed\n"
                    },
                    {
                      "text": "\u001b[36m[2025-07-31T05:34:11.100Z] [INFO] [TEST_COMPLETE]\u001b[0m Test passed: Comprehensive Auth - should handle login form interactions\n"
                    },
                    {
                      "text": "\u001b[36m  Data:\u001b[0m { duration: \u001b[33m3218\u001b[39m, status: \u001b[32m'passed'\u001b[39m, errors: \u001b[33m0\u001b[39m }\n"
                    }
                  ],
                  "stderr": [],
                  "retry": 0,
                  "startTime": "2025-07-31T05:34:07.656Z",
                  "annotations": [],
                  "attachments": []
                }
              ],
              "status": "expected"
            }
          ],
          "id": "f9dc4dd74c7074e088fa-1adf6a992c015a6b8607",
          "file": "auth-fixtures-comprehensive.spec.ts",
          "line": 41,
          "column": 5
        },
        {
          "title": "Comprehensive Auth - should handle authentication errors gracefully",
          "ok": true,
          "tags": [],
          "tests": [
            {
              "timeout": 30000,
              "annotations": [],
              "expectedStatus": "passed",
              "projectId": "chromium",
              "projectName": "chromium",
              "results": [
                {
                  "workerIndex": 11,
                  "parallelIndex": 0,
                  "status": "passed",
                  "duration": 5229,
                  "errors": [],
                  "stdout": [
                    {
                      "text": "\u001b[36m[2025-07-31T05:34:11.183Z] [INFO] [STEP]\u001b[0m Starting test: Comprehensive Auth - should handle authentication errors gracefully\n"
                    },
                    {
                      "text": "\u001b[36m[2025-07-31T05:34:11.184Z] [INFO] [STEP]\u001b[0m Testing authentication error handling\n"
                    },
                    {
                      "text": "\u001b[31m[2025-07-31T05:34:14.765Z] [ERROR] [CONSOLE]\u001b[0m Failed to load resource: the server responded with a status of 400 ()\n"
                    },
                    {
                      "text": "\u001b[31m  Data:\u001b[0m {\n  location: {\n    url: \u001b[32m'https://lpwlbbowavozpywnpamn.supabase.co/auth/v1/token?grant_type=password'\u001b[39m,\n    lineNumber: \u001b[33m0\u001b[39m,\n    columnNumber: \u001b[33m0\u001b[39m\n  }\n}\n"
                    },
                    {
                      "text": "\u001b[31m[2025-07-31T05:34:16.340Z] [ERROR] [AUTH]\u001b[0m login - failure\n"
                    },
                    {
                      "text": "\u001b[31m  Data:\u001b[0m {\n  user: \u001b[32m'invalid@example.com'\u001b[39m,\n  reason: \u001b[32m'Invalid credentials handled gracefully'\u001b[39m\n}\n"
                    },
                    {
                      "text": "\u001b[36m[2025-07-31T05:34:16.341Z] [INFO] [STEP]\u001b[0m Authentication error handling test completed\n"
                    },
                    {
                      "text": "\u001b[36m[2025-07-31T05:34:16.343Z] [INFO] [TEST_COMPLETE]\u001b[0m Test passed: Comprehensive Auth - should handle authentication errors gracefully\n"
                    },
                    {
                      "text": "\u001b[36m  Data:\u001b[0m { duration: \u001b[33m5221\u001b[39m, status: \u001b[32m'passed'\u001b[39m, errors: \u001b[33m0\u001b[39m }\n"
                    }
                  ],
                  "stderr": [],
                  "retry": 0,
                  "startTime": "2025-07-31T05:34:11.114Z",
                  "annotations": [],
                  "attachments": []
                }
              ],
              "status": "expected"
            }
          ],
          "id": "f9dc4dd74c7074e088fa-0226fa04f99bb990794d",
          "file": "auth-fixtures-comprehensive.spec.ts",
          "line": 74,
          "column": 5
        },
        {
          "title": "Comprehensive Auth - should redirect authenticated users from auth pages",
          "ok": false,
          "tags": [],
          "tests": [
            {
              "timeout": 30000,
              "annotations": [],
              "expectedStatus": "passed",
              "projectId": "chromium",
              "projectName": "chromium",
              "results": [
                {
                  "workerIndex": 11,
                  "parallelIndex": 0,
                  "status": "failed",
                  "duration": 13118,
                  "error": {
                    "message": "Error: Failed to authenticate user test1@example.com: URL did not match expected pattern",
                    "stack": "Error: Failed to authenticate user test1@example.com: URL did not match expected pattern\n    at Object.waitForAuthRedirect (C:\\Coding\\HomeMatch_VSCode\\homematch-v2\\__tests__\\fixtures\\utils.ts:110:17)\n    at Object.login (C:\\Coding\\HomeMatch_VSCode\\homematch-v2\\__tests__\\fixtures\\auth.ts:61:11)\n    at C:\\Coding\\HomeMatch_VSCode\\homematch-v2\\__tests__\\e2e\\auth-fixtures-comprehensive.spec.ts:135:5\n    at Object.retry (C:\\Coding\\HomeMatch_VSCode\\homematch-v2\\__tests__\\fixtures\\retry.ts:35:20)\n    at C:\\Coding\\HomeMatch_VSCode\\homematch-v2\\__tests__\\e2e\\auth-fixtures-comprehensive.spec.ts:134:3",
                    "location": {
                      "file": "C:\\Coding\\HomeMatch_VSCode\\homematch-v2\\__tests__\\fixtures\\utils.ts",
                      "column": 17,
                      "line": 110
                    },
                    "snippet": "\u001b[90m   at \u001b[39m..\\fixtures\\utils.ts:110\n\n\u001b[0m \u001b[90m 108 |\u001b[39m           }\n \u001b[90m 109 |\u001b[39m           \n\u001b[31m\u001b[1m>\u001b[22m\u001b[39m\u001b[90m 110 |\u001b[39m           \u001b[36mthrow\u001b[39m \u001b[36mnew\u001b[39m \u001b[33mError\u001b[39m(\u001b[32m`${errorMessage}: URL did not match expected pattern`\u001b[39m)\n \u001b[90m     |\u001b[39m                 \u001b[31m\u001b[1m^\u001b[22m\u001b[39m\n \u001b[90m 111 |\u001b[39m         }\n \u001b[90m 112 |\u001b[39m       }\n \u001b[90m 113 |\u001b[39m     }\u001b[0m"
                  },
                  "errors": [
                    {
                      "location": {
                        "file": "C:\\Coding\\HomeMatch_VSCode\\homematch-v2\\__tests__\\fixtures\\utils.ts",
                        "column": 17,
                        "line": 110
                      },
                      "message": "Error: Failed to authenticate user test1@example.com: URL did not match expected pattern\n\n   at ..\\fixtures\\utils.ts:110\n\n  108 |           }\n  109 |           \n> 110 |           throw new Error(`${errorMessage}: URL did not match expected pattern`)\n      |                 ^\n  111 |         }\n  112 |       }\n  113 |     }\n    at Object.waitForAuthRedirect (C:\\Coding\\HomeMatch_VSCode\\homematch-v2\\__tests__\\fixtures\\utils.ts:110:17)\n    at Object.login (C:\\Coding\\HomeMatch_VSCode\\homematch-v2\\__tests__\\fixtures\\auth.ts:61:11)\n    at C:\\Coding\\HomeMatch_VSCode\\homematch-v2\\__tests__\\e2e\\auth-fixtures-comprehensive.spec.ts:135:5\n    at Object.retry (C:\\Coding\\HomeMatch_VSCode\\homematch-v2\\__tests__\\fixtures\\retry.ts:35:20)\n    at C:\\Coding\\HomeMatch_VSCode\\homematch-v2\\__tests__\\e2e\\auth-fixtures-comprehensive.spec.ts:134:3"
                    }
                  ],
                  "stdout": [
                    {
                      "text": "\u001b[36m[2025-07-31T05:34:16.443Z] [INFO] [STEP]\u001b[0m Starting test: Comprehensive Auth - should redirect authenticated users from auth pages\n"
                    },
                    {
                      "text": "\u001b[36m[2025-07-31T05:34:16.444Z] [INFO] [STEP]\u001b[0m Testing authenticated user redirect behavior\n"
                    },
                    {
                      "text": "\u001b[31m[2025-07-31T05:34:19.752Z] [ERROR] [CONSOLE]\u001b[0m Failed to load resource: the server responded with a status of 400 ()\n"
                    },
                    {
                      "text": "\u001b[31m  Data:\u001b[0m {\n  location: {\n    url: \u001b[32m'https://lpwlbbowavozpywnpamn.supabase.co/auth/v1/token?grant_type=password'\u001b[39m,\n    lineNumber: \u001b[33m0\u001b[39m,\n    columnNumber: \u001b[33m0\u001b[39m\n  }\n}\n"
                    },
                    {
                      "text": "\u001b[36m[2025-07-31T05:34:29.452Z] [INFO] [TEST_COMPLETE]\u001b[0m Test failed: Comprehensive Auth - should redirect authenticated users from auth pages\n"
                    },
                    {
                      "text": "\u001b[36m  Data:\u001b[0m { duration: \u001b[33m13087\u001b[39m, status: \u001b[32m'failed'\u001b[39m, errors: \u001b[33m1\u001b[39m }\n"
                    },
                    {
                      "text": "ðŸ“Š Test failure logs saved\n"
                    },
                    {
                      "text": "{\n  \"total\": 4,\n  \"byLevel\": {\n    \"info\": 3,\n    \"warn\": 0,\n    \"error\": 1,\n    \"debug\": 0\n  },\n  \"byCategory\": {\n    \"STEP\": 2,\n    \"CONSOLE\": 1,\n    \"TEST_COMPLETE\": 1\n  }\n}\n"
                    }
                  ],
                  "stderr": [],
                  "retry": 0,
                  "startTime": "2025-07-31T05:34:16.355Z",
                  "annotations": [],
                  "attachments": [
                    {
                      "name": "error-context",
                      "contentType": "text/markdown",
                      "path": "C:\\Coding\\HomeMatch_VSCode\\homematch-v2\\test-results\\auth-fixtures-comprehensiv-a389c-cated-users-from-auth-pages-chromium\\error-context.md"
                    }
                  ],
                  "errorLocation": {
                    "file": "C:\\Coding\\HomeMatch_VSCode\\homematch-v2\\__tests__\\fixtures\\utils.ts",
                    "column": 17,
                    "line": 110
                  }
                }
              ],
              "status": "unexpected"
            }
          ],
          "id": "f9dc4dd74c7074e088fa-8d2832218a004dafbb65",
          "file": "auth-fixtures-comprehensive.spec.ts",
          "line": 123,
          "column": 5
        },
        {
          "title": "Comprehensive Auth - should complete full login flow",
          "ok": false,
          "tags": [],
          "tests": [
            {
              "timeout": 30000,
              "annotations": [],
              "expectedStatus": "passed",
              "projectId": "firefox",
              "projectName": "firefox",
              "results": [
                {
                  "workerIndex": 5,
                  "parallelIndex": 5,
                  "status": "failed",
                  "duration": 16326,
                  "error": {
                    "message": "Error: Failed to authenticate user test1@example.com: URL did not match expected pattern",
                    "stack": "Error: Failed to authenticate user test1@example.com: URL did not match expected pattern\n    at Object.waitForAuthRedirect (C:\\Coding\\HomeMatch_VSCode\\homematch-v2\\__tests__\\fixtures\\utils.ts:110:17)\n    at Object.login (C:\\Coding\\HomeMatch_VSCode\\homematch-v2\\__tests__\\fixtures\\auth.ts:61:11)\n    at C:\\Coding\\HomeMatch_VSCode\\homematch-v2\\__tests__\\e2e\\auth-fixtures-comprehensive.spec.ts:24:5\n    at Object.retry (C:\\Coding\\HomeMatch_VSCode\\homematch-v2\\__tests__\\fixtures\\retry.ts:35:20)\n    at C:\\Coding\\HomeMatch_VSCode\\homematch-v2\\__tests__\\e2e\\auth-fixtures-comprehensive.spec.ts:23:3",
                    "location": {
                      "file": "C:\\Coding\\HomeMatch_VSCode\\homematch-v2\\__tests__\\fixtures\\utils.ts",
                      "column": 17,
                      "line": 110
                    },
                    "snippet": "\u001b[90m   at \u001b[39m..\\fixtures\\utils.ts:110\n\n\u001b[0m \u001b[90m 108 |\u001b[39m           }\n \u001b[90m 109 |\u001b[39m           \n\u001b[31m\u001b[1m>\u001b[22m\u001b[39m\u001b[90m 110 |\u001b[39m           \u001b[36mthrow\u001b[39m \u001b[36mnew\u001b[39m \u001b[33mError\u001b[39m(\u001b[32m`${errorMessage}: URL did not match expected pattern`\u001b[39m)\n \u001b[90m     |\u001b[39m                 \u001b[31m\u001b[1m^\u001b[22m\u001b[39m\n \u001b[90m 111 |\u001b[39m         }\n \u001b[90m 112 |\u001b[39m       }\n \u001b[90m 113 |\u001b[39m     }\u001b[0m"
                  },
                  "errors": [
                    {
                      "location": {
                        "file": "C:\\Coding\\HomeMatch_VSCode\\homematch-v2\\__tests__\\fixtures\\utils.ts",
                        "column": 17,
                        "line": 110
                      },
                      "message": "Error: Failed to authenticate user test1@example.com: URL did not match expected pattern\n\n   at ..\\fixtures\\utils.ts:110\n\n  108 |           }\n  109 |           \n> 110 |           throw new Error(`${errorMessage}: URL did not match expected pattern`)\n      |                 ^\n  111 |         }\n  112 |       }\n  113 |     }\n    at Object.waitForAuthRedirect (C:\\Coding\\HomeMatch_VSCode\\homematch-v2\\__tests__\\fixtures\\utils.ts:110:17)\n    at Object.login (C:\\Coding\\HomeMatch_VSCode\\homematch-v2\\__tests__\\fixtures\\auth.ts:61:11)\n    at C:\\Coding\\HomeMatch_VSCode\\homematch-v2\\__tests__\\e2e\\auth-fixtures-comprehensive.spec.ts:24:5\n    at Object.retry (C:\\Coding\\HomeMatch_VSCode\\homematch-v2\\__tests__\\fixtures\\retry.ts:35:20)\n    at C:\\Coding\\HomeMatch_VSCode\\homematch-v2\\__tests__\\e2e\\auth-fixtures-comprehensive.spec.ts:23:3"
                    }
                  ],
                  "stdout": [
                    {
                      "text": "\u001b[36m[2025-07-31T05:33:54.174Z] [INFO] [STEP]\u001b[0m Starting test: Comprehensive Auth - should complete full login flow\n"
                    },
                    {
                      "text": "\u001b[36m[2025-07-31T05:33:54.177Z] [INFO] [STEP]\u001b[0m Starting comprehensive authentication test\n"
                    },
                    {
                      "text": "\u001b[33m[2025-07-31T05:34:05.315Z] [WARN] [CONSOLE]\u001b[0m [JavaScript Warning: \"The resource at â€œhttp://localhost:3000/_next/static/media/8ee3a1ba4ed5baee-s.p.be19f591.woff2â€ preloaded with link preload was not used within a few seconds. Make sure all attributes of the preload tag are set correctly.\" {file: \"http://localhost:3000/login\" line: 0}]\n"
                    },
                    {
                      "text": "\u001b[33m  Data:\u001b[0m {\n  location: {\n    url: \u001b[32m'http://localhost:3000/login'\u001b[39m,\n    lineNumber: \u001b[33m0\u001b[39m,\n    columnNumber: \u001b[33m1\u001b[39m\n  }\n}\n"
                    },
                    {
                      "text": "\u001b[33m[2025-07-31T05:34:05.316Z] [WARN] [CONSOLE]\u001b[0m [JavaScript Warning: \"The resource at â€œhttp://localhost:3000/_next/static/media/b0a57561b6cb5495-s.p.da1ebef7.woff2â€ preloaded with link preload was not used within a few seconds. Make sure all attributes of the preload tag are set correctly.\" {file: \"http://localhost:3000/login\" line: 0}]\n"
                    },
                    {
                      "text": "\u001b[33m  Data:\u001b[0m {\n  location: {\n    url: \u001b[32m'http://localhost:3000/login'\u001b[39m,\n    lineNumber: \u001b[33m0\u001b[39m,\n    columnNumber: \u001b[33m1\u001b[39m\n  }\n}\n"
                    },
                    {
                      "text": "\u001b[36m[2025-07-31T05:34:09.097Z] [INFO] [TEST_COMPLETE]\u001b[0m Test failed: Comprehensive Auth - should complete full login flow\n"
                    },
                    {
                      "text": "\u001b[36m  Data:\u001b[0m { duration: \u001b[33m16278\u001b[39m, status: \u001b[32m'failed'\u001b[39m, errors: \u001b[33m1\u001b[39m }\n"
                    },
                    {
                      "text": "ðŸ“Š Test failure logs saved\n"
                    },
                    {
                      "text": "{\n  \"total\": 5,\n  \"byLevel\": {\n    \"info\": 3,\n    \"warn\": 2,\n    \"error\": 0,\n    \"debug\": 0\n  },\n  \"byCategory\": {\n    \"STEP\": 2,\n    \"CONSOLE\": 2,\n    \"TEST_COMPLETE\": 1\n  }\n}\n"
                    }
                  ],
                  "stderr": [],
                  "retry": 0,
                  "startTime": "2025-07-31T05:33:51.884Z",
                  "annotations": [],
                  "attachments": [
                    {
                      "name": "error-context",
                      "contentType": "text/markdown",
                      "path": "C:\\Coding\\HomeMatch_VSCode\\homematch-v2\\test-results\\auth-fixtures-comprehensiv-1f049-ld-complete-full-login-flow-firefox\\error-context.md"
                    }
                  ],
                  "errorLocation": {
                    "file": "C:\\Coding\\HomeMatch_VSCode\\homematch-v2\\__tests__\\fixtures\\utils.ts",
                    "column": 17,
                    "line": 110
                  }
                }
              ],
              "status": "unexpected"
            }
          ],
          "id": "f9dc4dd74c7074e088fa-f6e152be0a059c84e18f",
          "file": "auth-fixtures-comprehensive.spec.ts",
          "line": 12,
          "column": 5
        },
        {
          "title": "Comprehensive Auth - should handle login form interactions",
          "ok": true,
          "tags": [],
          "tests": [
            {
              "timeout": 30000,
              "annotations": [],
              "expectedStatus": "passed",
              "projectId": "firefox",
              "projectName": "firefox",
              "results": [
                {
                  "workerIndex": 15,
                  "parallelIndex": 5,
                  "status": "passed",
                  "duration": 5063,
                  "errors": [],
                  "stdout": [
                    {
                      "text": "\u001b[36m[2025-07-31T05:34:13.873Z] [INFO] [STEP]\u001b[0m Starting test: Comprehensive Auth - should handle login form interactions\n"
                    },
                    {
                      "text": "\u001b[36m[2025-07-31T05:34:13.876Z] [INFO] [STEP]\u001b[0m Testing detailed login form interactions\n"
                    },
                    {
                      "text": "\u001b[36m[2025-07-31T05:34:17.427Z] [INFO] [STEP]\u001b[0m Form interaction test completed\n"
                    },
                    {
                      "text": "\u001b[36m[2025-07-31T05:34:17.432Z] [INFO] [TEST_COMPLETE]\u001b[0m Test passed: Comprehensive Auth - should handle login form interactions\n"
                    },
                    {
                      "text": "\u001b[36m  Data:\u001b[0m { duration: \u001b[33m5044\u001b[39m, status: \u001b[32m'passed'\u001b[39m, errors: \u001b[33m0\u001b[39m }\n"
                    }
                  ],
                  "stderr": [],
                  "retry": 0,
                  "startTime": "2025-07-31T05:34:11.621Z",
                  "annotations": [],
                  "attachments": []
                }
              ],
              "status": "expected"
            }
          ],
          "id": "f9dc4dd74c7074e088fa-810db0870812d9b497aa",
          "file": "auth-fixtures-comprehensive.spec.ts",
          "line": 41,
          "column": 5
        },
        {
          "title": "Comprehensive Auth - should handle authentication errors gracefully",
          "ok": true,
          "tags": [],
          "tests": [
            {
              "timeout": 30000,
              "annotations": [],
              "expectedStatus": "passed",
              "projectId": "firefox",
              "projectName": "firefox",
              "results": [
                {
                  "workerIndex": 15,
                  "parallelIndex": 5,
                  "status": "passed",
                  "duration": 5964,
                  "errors": [],
                  "stdout": [
                    {
                      "text": "\u001b[36m[2025-07-31T05:34:17.871Z] [INFO] [STEP]\u001b[0m Starting test: Comprehensive Auth - should handle authentication errors gracefully\n"
                    },
                    {
                      "text": "\u001b[36m[2025-07-31T05:34:17.872Z] [INFO] [STEP]\u001b[0m Testing authentication error handling\n"
                    },
                    {
                      "text": "\u001b[31m[2025-07-31T05:34:23.412Z] [ERROR] [AUTH]\u001b[0m login - failure\n"
                    },
                    {
                      "text": "\u001b[31m  Data:\u001b[0m {\n  user: \u001b[32m'invalid@example.com'\u001b[39m,\n  reason: \u001b[32m'Invalid credentials handled gracefully'\u001b[39m\n}\n"
                    },
                    {
                      "text": "\u001b[36m[2025-07-31T05:34:23.413Z] [INFO] [STEP]\u001b[0m Authentication error handling test completed\n"
                    },
                    {
                      "text": "\u001b[36m[2025-07-31T05:34:23.415Z] [INFO] [TEST_COMPLETE]\u001b[0m Test passed: Comprehensive Auth - should handle authentication errors gracefully\n"
                    },
                    {
                      "text": "\u001b[36m  Data:\u001b[0m { duration: \u001b[33m5952\u001b[39m, status: \u001b[32m'passed'\u001b[39m, errors: \u001b[33m0\u001b[39m }\n"
                    }
                  ],
                  "stderr": [],
                  "retry": 0,
                  "startTime": "2025-07-31T05:34:17.454Z",
                  "annotations": [],
                  "attachments": []
                }
              ],
              "status": "expected"
            }
          ],
          "id": "f9dc4dd74c7074e088fa-76f362bd67e978e8ddb1",
          "file": "auth-fixtures-comprehensive.spec.ts",
          "line": 74,
          "column": 5
        },
        {
          "title": "Comprehensive Auth - should redirect authenticated users from auth pages",
          "ok": false,
          "tags": [],
          "tests": [
            {
              "timeout": 30000,
              "annotations": [],
              "expectedStatus": "passed",
              "projectId": "firefox",
              "projectName": "firefox",
              "results": [
                {
                  "workerIndex": 15,
                  "parallelIndex": 5,
                  "status": "failed",
                  "duration": 13688,
                  "error": {
                    "message": "Error: Failed to authenticate user test1@example.com: URL did not match expected pattern",
                    "stack": "Error: Failed to authenticate user test1@example.com: URL did not match expected pattern\n    at Object.waitForAuthRedirect (C:\\Coding\\HomeMatch_VSCode\\homematch-v2\\__tests__\\fixtures\\utils.ts:110:17)\n    at Object.login (C:\\Coding\\HomeMatch_VSCode\\homematch-v2\\__tests__\\fixtures\\auth.ts:61:11)\n    at C:\\Coding\\HomeMatch_VSCode\\homematch-v2\\__tests__\\e2e\\auth-fixtures-comprehensive.spec.ts:135:5\n    at Object.retry (C:\\Coding\\HomeMatch_VSCode\\homematch-v2\\__tests__\\fixtures\\retry.ts:35:20)\n    at C:\\Coding\\HomeMatch_VSCode\\homematch-v2\\__tests__\\e2e\\auth-fixtures-comprehensive.spec.ts:134:3",
                    "location": {
                      "file": "C:\\Coding\\HomeMatch_VSCode\\homematch-v2\\__tests__\\fixtures\\utils.ts",
                      "column": 17,
                      "line": 110
                    },
                    "snippet": "\u001b[90m   at \u001b[39m..\\fixtures\\utils.ts:110\n\n\u001b[0m \u001b[90m 108 |\u001b[39m           }\n \u001b[90m 109 |\u001b[39m           \n\u001b[31m\u001b[1m>\u001b[22m\u001b[39m\u001b[90m 110 |\u001b[39m           \u001b[36mthrow\u001b[39m \u001b[36mnew\u001b[39m \u001b[33mError\u001b[39m(\u001b[32m`${errorMessage}: URL did not match expected pattern`\u001b[39m)\n \u001b[90m     |\u001b[39m                 \u001b[31m\u001b[1m^\u001b[22m\u001b[39m\n \u001b[90m 111 |\u001b[39m         }\n \u001b[90m 112 |\u001b[39m       }\n \u001b[90m 113 |\u001b[39m     }\u001b[0m"
                  },
                  "errors": [
                    {
                      "location": {
                        "file": "C:\\Coding\\HomeMatch_VSCode\\homematch-v2\\__tests__\\fixtures\\utils.ts",
                        "column": 17,
                        "line": 110
                      },
                      "message": "Error: Failed to authenticate user test1@example.com: URL did not match expected pattern\n\n   at ..\\fixtures\\utils.ts:110\n\n  108 |           }\n  109 |           \n> 110 |           throw new Error(`${errorMessage}: URL did not match expected pattern`)\n      |                 ^\n  111 |         }\n  112 |       }\n  113 |     }\n    at Object.waitForAuthRedirect (C:\\Coding\\HomeMatch_VSCode\\homematch-v2\\__tests__\\fixtures\\utils.ts:110:17)\n    at Object.login (C:\\Coding\\HomeMatch_VSCode\\homematch-v2\\__tests__\\fixtures\\auth.ts:61:11)\n    at C:\\Coding\\HomeMatch_VSCode\\homematch-v2\\__tests__\\e2e\\auth-fixtures-comprehensive.spec.ts:135:5\n    at Object.retry (C:\\Coding\\HomeMatch_VSCode\\homematch-v2\\__tests__\\fixtures\\retry.ts:35:20)\n    at C:\\Coding\\HomeMatch_VSCode\\homematch-v2\\__tests__\\e2e\\auth-fixtures-comprehensive.spec.ts:134:3"
                    }
                  ],
                  "stdout": [
                    {
                      "text": "\u001b[36m[2025-07-31T05:34:23.729Z] [INFO] [STEP]\u001b[0m Starting test: Comprehensive Auth - should redirect authenticated users from auth pages\n"
                    },
                    {
                      "text": "\u001b[36m[2025-07-31T05:34:23.730Z] [INFO] [STEP]\u001b[0m Testing authenticated user redirect behavior\n"
                    },
                    {
                      "text": "\u001b[33m[2025-07-31T05:34:34.060Z] [WARN] [CONSOLE]\u001b[0m [JavaScript Warning: \"The resource at â€œhttp://localhost:3000/_next/static/media/8ee3a1ba4ed5baee-s.p.be19f591.woff2â€ preloaded with link preload was not used within a few seconds. Make sure all attributes of the preload tag are set correctly.\" {file: \"http://localhost:3000/login\" line: 0}]\n"
                    },
                    {
                      "text": "\u001b[33m  Data:\u001b[0m {\n  location: {\n    url: \u001b[32m'http://localhost:3000/login'\u001b[39m,\n    lineNumber: \u001b[33m0\u001b[39m,\n    columnNumber: \u001b[33m1\u001b[39m\n  }\n}\n"
                    },
                    {
                      "text": "\u001b[33m[2025-07-31T05:34:34.061Z] [WARN] [CONSOLE]\u001b[0m [JavaScript Warning: \"The resource at â€œhttp://localhost:3000/_next/static/media/b0a57561b6cb5495-s.p.da1ebef7.woff2â€ preloaded with link preload was not used within a few seconds. Make sure all attributes of the preload tag are set correctly.\" {file: \"http://localhost:3000/login\" line: 0}]\n"
                    },
                    {
                      "text": "\u001b[33m  Data:\u001b[0m {\n  location: {\n    url: \u001b[32m'http://localhost:3000/login'\u001b[39m,\n    lineNumber: \u001b[33m0\u001b[39m,\n    columnNumber: \u001b[33m1\u001b[39m\n  }\n}\n"
                    },
                    {
                      "text": "\u001b[36m[2025-07-31T05:34:37.071Z] [INFO] [TEST_COMPLETE]\u001b[0m Test failed: Comprehensive Auth - should redirect authenticated users from auth pages\n"
                    },
                    {
                      "text": "\u001b[36m  Data:\u001b[0m { duration: \u001b[33m13635\u001b[39m, status: \u001b[32m'failed'\u001b[39m, errors: \u001b[33m1\u001b[39m }\n"
                    },
                    {
                      "text": "ðŸ“Š Test failure logs saved\n"
                    },
                    {
                      "text": "{\n  \"total\": 5,\n  \"byLevel\": {\n    \"info\": 3,\n    \"warn\": 2,\n    \"error\": 0,\n    \"debug\": 0\n  },\n  \"byCategory\": {\n    \"STEP\": 2,\n    \"CONSOLE\": 2,\n    \"TEST_COMPLETE\": 1\n  }\n}\n"
                    }
                  ],
                  "stderr": [],
                  "retry": 0,
                  "startTime": "2025-07-31T05:34:23.429Z",
                  "annotations": [],
                  "attachments": [
                    {
                      "name": "error-context",
                      "contentType": "text/markdown",
                      "path": "C:\\Coding\\HomeMatch_VSCode\\homematch-v2\\test-results\\auth-fixtures-comprehensiv-a389c-cated-users-from-auth-pages-firefox\\error-context.md"
                    }
                  ],
                  "errorLocation": {
                    "file": "C:\\Coding\\HomeMatch_VSCode\\homematch-v2\\__tests__\\fixtures\\utils.ts",
                    "column": 17,
                    "line": 110
                  }
                }
              ],
              "status": "unexpected"
            }
          ],
          "id": "f9dc4dd74c7074e088fa-e91981d43ae36ea89de8",
          "file": "auth-fixtures-comprehensive.spec.ts",
          "line": 123,
          "column": 5
        },
        {
          "title": "Comprehensive Auth - should complete full login flow",
          "ok": false,
          "tags": [],
          "tests": [
            {
              "timeout": 30000,
              "annotations": [],
              "expectedStatus": "passed",
              "projectId": "webkit",
              "projectName": "webkit",
              "results": [
                {
                  "workerIndex": 10,
                  "parallelIndex": 3,
                  "status": "failed",
                  "duration": 14954,
                  "error": {
                    "message": "Error: Failed to authenticate user test1@example.com: URL did not match expected pattern",
                    "stack": "Error: Failed to authenticate user test1@example.com: URL did not match expected pattern\n    at Object.waitForAuthRedirect (C:\\Coding\\HomeMatch_VSCode\\homematch-v2\\__tests__\\fixtures\\utils.ts:110:17)\n    at Object.login (C:\\Coding\\HomeMatch_VSCode\\homematch-v2\\__tests__\\fixtures\\auth.ts:61:11)\n    at C:\\Coding\\HomeMatch_VSCode\\homematch-v2\\__tests__\\e2e\\auth-fixtures-comprehensive.spec.ts:24:5\n    at Object.retry (C:\\Coding\\HomeMatch_VSCode\\homematch-v2\\__tests__\\fixtures\\retry.ts:35:20)\n    at C:\\Coding\\HomeMatch_VSCode\\homematch-v2\\__tests__\\e2e\\auth-fixtures-comprehensive.spec.ts:23:3",
                    "location": {
                      "file": "C:\\Coding\\HomeMatch_VSCode\\homematch-v2\\__tests__\\fixtures\\utils.ts",
                      "column": 17,
                      "line": 110
                    },
                    "snippet": "\u001b[90m   at \u001b[39m..\\fixtures\\utils.ts:110\n\n\u001b[0m \u001b[90m 108 |\u001b[39m           }\n \u001b[90m 109 |\u001b[39m           \n\u001b[31m\u001b[1m>\u001b[22m\u001b[39m\u001b[90m 110 |\u001b[39m           \u001b[36mthrow\u001b[39m \u001b[36mnew\u001b[39m \u001b[33mError\u001b[39m(\u001b[32m`${errorMessage}: URL did not match expected pattern`\u001b[39m)\n \u001b[90m     |\u001b[39m                 \u001b[31m\u001b[1m^\u001b[22m\u001b[39m\n \u001b[90m 111 |\u001b[39m         }\n \u001b[90m 112 |\u001b[39m       }\n \u001b[90m 113 |\u001b[39m     }\u001b[0m"
                  },
                  "errors": [
                    {
                      "location": {
                        "file": "C:\\Coding\\HomeMatch_VSCode\\homematch-v2\\__tests__\\fixtures\\utils.ts",
                        "column": 17,
                        "line": 110
                      },
                      "message": "Error: Failed to authenticate user test1@example.com: URL did not match expected pattern\n\n   at ..\\fixtures\\utils.ts:110\n\n  108 |           }\n  109 |           \n> 110 |           throw new Error(`${errorMessage}: URL did not match expected pattern`)\n      |                 ^\n  111 |         }\n  112 |       }\n  113 |     }\n    at Object.waitForAuthRedirect (C:\\Coding\\HomeMatch_VSCode\\homematch-v2\\__tests__\\fixtures\\utils.ts:110:17)\n    at Object.login (C:\\Coding\\HomeMatch_VSCode\\homematch-v2\\__tests__\\fixtures\\auth.ts:61:11)\n    at C:\\Coding\\HomeMatch_VSCode\\homematch-v2\\__tests__\\e2e\\auth-fixtures-comprehensive.spec.ts:24:5\n    at Object.retry (C:\\Coding\\HomeMatch_VSCode\\homematch-v2\\__tests__\\fixtures\\retry.ts:35:20)\n    at C:\\Coding\\HomeMatch_VSCode\\homematch-v2\\__tests__\\e2e\\auth-fixtures-comprehensive.spec.ts:23:3"
                    }
                  ],
                  "stdout": [
                    {
                      "text": "\u001b[36m[2025-07-31T05:34:07.850Z] [INFO] [STEP]\u001b[0m Starting test: Comprehensive Auth - should complete full login flow\n"
                    },
                    {
                      "text": "\u001b[36m[2025-07-31T05:34:07.853Z] [INFO] [STEP]\u001b[0m Starting comprehensive authentication test\n"
                    },
                    {
                      "text": "\u001b[31m[2025-07-31T05:34:12.401Z] [ERROR] [CONSOLE]\u001b[0m Failed to load resource: the server responded with a status of 400 ()\n"
                    },
                    {
                      "text": "\u001b[31m  Data:\u001b[0m {\n  location: {\n    url: \u001b[32m'https://lpwlbbowavozpywnpamn.supabase.co/auth/v1/token?grant_type=password'\u001b[39m,\n    lineNumber: \u001b[33m0\u001b[39m,\n    columnNumber: \u001b[33m0\u001b[39m\n  }\n}\n"
                    },
                    {
                      "text": "\u001b[36m[2025-07-31T05:34:22.215Z] [INFO] [TEST_COMPLETE]\u001b[0m Test failed: Comprehensive Auth - should complete full login flow\n"
                    },
                    {
                      "text": "\u001b[36m  Data:\u001b[0m { duration: \u001b[33m14760\u001b[39m, status: \u001b[32m'failed'\u001b[39m, errors: \u001b[33m1\u001b[39m }\n"
                    },
                    {
                      "text": "ðŸ“Š Test failure logs saved\n"
                    },
                    {
                      "text": "{\n  \"total\": 4,\n  \"byLevel\": {\n    \"info\": 3,\n    \"warn\": 0,\n    \"error\": 1,\n    \"debug\": 0\n  },\n  \"byCategory\": {\n    \"STEP\": 2,\n    \"CONSOLE\": 1,\n    \"TEST_COMPLETE\": 1\n  }\n}\n"
                    }
                  ],
                  "stderr": [],
                  "retry": 0,
                  "startTime": "2025-07-31T05:34:07.323Z",
                  "annotations": [],
                  "attachments": [
                    {
                      "name": "error-context",
                      "contentType": "text/markdown",
                      "path": "C:\\Coding\\HomeMatch_VSCode\\homematch-v2\\test-results\\auth-fixtures-comprehensiv-1f049-ld-complete-full-login-flow-webkit\\error-context.md"
                    }
                  ],
                  "errorLocation": {
                    "file": "C:\\Coding\\HomeMatch_VSCode\\homematch-v2\\__tests__\\fixtures\\utils.ts",
                    "column": 17,
                    "line": 110
                  }
                }
              ],
              "status": "unexpected"
            }
          ],
          "id": "f9dc4dd74c7074e088fa-beadb4582a2528ca06f5",
          "file": "auth-fixtures-comprehensive.spec.ts",
          "line": 12,
          "column": 5
        },
        {
          "title": "Comprehensive Auth - should handle login form interactions",
          "ok": true,
          "tags": [],
          "tests": [
            {
              "timeout": 30000,
              "annotations": [],
              "expectedStatus": "passed",
              "projectId": "webkit",
              "projectName": "webkit",
              "results": [
                {
                  "workerIndex": 18,
                  "parallelIndex": 3,
                  "status": "passed",
                  "duration": 3935,
                  "errors": [],
                  "stdout": [
                    {
                      "text": "\u001b[36m[2025-07-31T05:34:24.142Z] [INFO] [STEP]\u001b[0m Starting test: Comprehensive Auth - should handle login form interactions\n"
                    },
                    {
                      "text": "\u001b[36m[2025-07-31T05:34:24.145Z] [INFO] [STEP]\u001b[0m Testing detailed login form interactions\n"
                    },
                    {
                      "text": "\u001b[36m[2025-07-31T05:34:27.657Z] [INFO] [STEP]\u001b[0m Form interaction test completed\n"
                    },
                    {
                      "text": "\u001b[36m[2025-07-31T05:34:27.660Z] [INFO] [TEST_COMPLETE]\u001b[0m Test passed: Comprehensive Auth - should handle login form interactions\n"
                    },
                    {
                      "text": "\u001b[36m  Data:\u001b[0m { duration: \u001b[33m3920\u001b[39m, status: \u001b[32m'passed'\u001b[39m, errors: \u001b[33m0\u001b[39m }\n"
                    }
                  ],
                  "stderr": [],
                  "retry": 0,
                  "startTime": "2025-07-31T05:34:23.645Z",
                  "annotations": [],
                  "attachments": []
                }
              ],
              "status": "expected"
            }
          ],
          "id": "f9dc4dd74c7074e088fa-a547f32d780470d547b6",
          "file": "auth-fixtures-comprehensive.spec.ts",
          "line": 41,
          "column": 5
        },
        {
          "title": "Comprehensive Auth - should handle authentication errors gracefully",
          "ok": true,
          "tags": [],
          "tests": [
            {
              "timeout": 30000,
              "annotations": [],
              "expectedStatus": "passed",
              "projectId": "webkit",
              "projectName": "webkit",
              "results": [
                {
                  "workerIndex": 18,
                  "parallelIndex": 3,
                  "status": "passed",
                  "duration": 6523,
                  "errors": [],
                  "stdout": [
                    {
                      "text": "\u001b[36m[2025-07-31T05:34:27.973Z] [INFO] [STEP]\u001b[0m Starting test: Comprehensive Auth - should handle authentication errors gracefully\n"
                    },
                    {
                      "text": "\u001b[36m[2025-07-31T05:34:27.975Z] [INFO] [STEP]\u001b[0m Testing authentication error handling\n"
                    },
                    {
                      "text": "\u001b[31m[2025-07-31T05:34:33.366Z] [ERROR] [CONSOLE]\u001b[0m Failed to load resource: the server responded with a status of 400 ()\n"
                    },
                    {
                      "text": "\u001b[31m  Data:\u001b[0m {\n  location: {\n    url: \u001b[32m'https://lpwlbbowavozpywnpamn.supabase.co/auth/v1/token?grant_type=password'\u001b[39m,\n    lineNumber: \u001b[33m0\u001b[39m,\n    columnNumber: \u001b[33m0\u001b[39m\n  }\n}\n"
                    },
                    {
                      "text": "\u001b[31m[2025-07-31T05:34:34.200Z] [ERROR] [AUTH]\u001b[0m login - failure\n"
                    },
                    {
                      "text": "\u001b[31m  Data:\u001b[0m {\n  user: \u001b[32m'invalid@example.com'\u001b[39m,\n  reason: \u001b[32m'Invalid credentials handled gracefully'\u001b[39m\n}\n"
                    },
                    {
                      "text": "\u001b[36m[2025-07-31T05:34:34.200Z] [INFO] [STEP]\u001b[0m Authentication error handling test completed\n"
                    },
                    {
                      "text": "\u001b[36m[2025-07-31T05:34:34.202Z] [INFO] [TEST_COMPLETE]\u001b[0m Test passed: Comprehensive Auth - should handle authentication errors gracefully\n"
                    },
                    {
                      "text": "\u001b[36m  Data:\u001b[0m { duration: \u001b[33m6511\u001b[39m, status: \u001b[32m'passed'\u001b[39m, errors: \u001b[33m0\u001b[39m }\n"
                    }
                  ],
                  "stderr": [],
                  "retry": 0,
                  "startTime": "2025-07-31T05:34:27.677Z",
                  "annotations": [],
                  "attachments": []
                }
              ],
              "status": "expected"
            }
          ],
          "id": "f9dc4dd74c7074e088fa-64ad7c2756b79294a899",
          "file": "auth-fixtures-comprehensive.spec.ts",
          "line": 74,
          "column": 5
        },
        {
          "title": "Comprehensive Auth - should redirect authenticated users from auth pages",
          "ok": false,
          "tags": [],
          "tests": [
            {
              "timeout": 30000,
              "annotations": [],
              "expectedStatus": "passed",
              "projectId": "webkit",
              "projectName": "webkit",
              "results": [
                {
                  "workerIndex": 18,
                  "parallelIndex": 3,
                  "status": "failed",
                  "duration": 14232,
                  "error": {
                    "message": "Error: Failed to authenticate user test1@example.com: URL did not match expected pattern",
                    "stack": "Error: Failed to authenticate user test1@example.com: URL did not match expected pattern\n    at Object.waitForAuthRedirect (C:\\Coding\\HomeMatch_VSCode\\homematch-v2\\__tests__\\fixtures\\utils.ts:110:17)\n    at Object.login (C:\\Coding\\HomeMatch_VSCode\\homematch-v2\\__tests__\\fixtures\\auth.ts:61:11)\n    at C:\\Coding\\HomeMatch_VSCode\\homematch-v2\\__tests__\\e2e\\auth-fixtures-comprehensive.spec.ts:135:5\n    at Object.retry (C:\\Coding\\HomeMatch_VSCode\\homematch-v2\\__tests__\\fixtures\\retry.ts:35:20)\n    at C:\\Coding\\HomeMatch_VSCode\\homematch-v2\\__tests__\\e2e\\auth-fixtures-comprehensive.spec.ts:134:3",
                    "location": {
                      "file": "C:\\Coding\\HomeMatch_VSCode\\homematch-v2\\__tests__\\fixtures\\utils.ts",
                      "column": 17,
                      "line": 110
                    },
                    "snippet": "\u001b[90m   at \u001b[39m..\\fixtures\\utils.ts:110\n\n\u001b[0m \u001b[90m 108 |\u001b[39m           }\n \u001b[90m 109 |\u001b[39m           \n\u001b[31m\u001b[1m>\u001b[22m\u001b[39m\u001b[90m 110 |\u001b[39m           \u001b[36mthrow\u001b[39m \u001b[36mnew\u001b[39m \u001b[33mError\u001b[39m(\u001b[32m`${errorMessage}: URL did not match expected pattern`\u001b[39m)\n \u001b[90m     |\u001b[39m                 \u001b[31m\u001b[1m^\u001b[22m\u001b[39m\n \u001b[90m 111 |\u001b[39m         }\n \u001b[90m 112 |\u001b[39m       }\n \u001b[90m 113 |\u001b[39m     }\u001b[0m"
                  },
                  "errors": [
                    {
                      "location": {
                        "file": "C:\\Coding\\HomeMatch_VSCode\\homematch-v2\\__tests__\\fixtures\\utils.ts",
                        "column": 17,
                        "line": 110
                      },
                      "message": "Error: Failed to authenticate user test1@example.com: URL did not match expected pattern\n\n   at ..\\fixtures\\utils.ts:110\n\n  108 |           }\n  109 |           \n> 110 |           throw new Error(`${errorMessage}: URL did not match expected pattern`)\n      |                 ^\n  111 |         }\n  112 |       }\n  113 |     }\n    at Object.waitForAuthRedirect (C:\\Coding\\HomeMatch_VSCode\\homematch-v2\\__tests__\\fixtures\\utils.ts:110:17)\n    at Object.login (C:\\Coding\\HomeMatch_VSCode\\homematch-v2\\__tests__\\fixtures\\auth.ts:61:11)\n    at C:\\Coding\\HomeMatch_VSCode\\homematch-v2\\__tests__\\e2e\\auth-fixtures-comprehensive.spec.ts:135:5\n    at Object.retry (C:\\Coding\\HomeMatch_VSCode\\homematch-v2\\__tests__\\fixtures\\retry.ts:35:20)\n    at C:\\Coding\\HomeMatch_VSCode\\homematch-v2\\__tests__\\e2e\\auth-fixtures-comprehensive.spec.ts:134:3"
                    }
                  ],
                  "stdout": [
                    {
                      "text": "\u001b[36m[2025-07-31T05:34:34.529Z] [INFO] [STEP]\u001b[0m Starting test: Comprehensive Auth - should redirect authenticated users from auth pages\n"
                    },
                    {
                      "text": "\u001b[36m[2025-07-31T05:34:34.530Z] [INFO] [STEP]\u001b[0m Testing authenticated user redirect behavior\n"
                    },
                    {
                      "text": "\u001b[31m[2025-07-31T05:34:38.789Z] [ERROR] [CONSOLE]\u001b[0m Failed to load resource: the server responded with a status of 400 ()\n"
                    },
                    {
                      "text": "\u001b[31m  Data:\u001b[0m {\n  location: {\n    url: \u001b[32m'https://lpwlbbowavozpywnpamn.supabase.co/auth/v1/token?grant_type=password'\u001b[39m,\n    lineNumber: \u001b[33m0\u001b[39m,\n    columnNumber: \u001b[33m0\u001b[39m\n  }\n}\n"
                    },
                    {
                      "text": "\u001b[36m[2025-07-31T05:34:48.434Z] [INFO] [TEST_COMPLETE]\u001b[0m Test failed: Comprehensive Auth - should redirect authenticated users from auth pages\n"
                    },
                    {
                      "text": "\u001b[36m  Data:\u001b[0m { duration: \u001b[33m14207\u001b[39m, status: \u001b[32m'failed'\u001b[39m, errors: \u001b[33m1\u001b[39m }\n"
                    },
                    {
                      "text": "ðŸ“Š Test failure logs saved\n"
                    },
                    {
                      "text": "{\n  \"total\": 4,\n  \"byLevel\": {\n    \"info\": 3,\n    \"warn\": 0,\n    \"error\": 1,\n    \"debug\": 0\n  },\n  \"byCategory\": {\n    \"STEP\": 2,\n    \"CONSOLE\": 1,\n    \"TEST_COMPLETE\": 1\n  }\n}\n"
                    }
                  ],
                  "stderr": [],
                  "retry": 0,
                  "startTime": "2025-07-31T05:34:34.220Z",
                  "annotations": [],
                  "attachments": [
                    {
                      "name": "error-context",
                      "contentType": "text/markdown",
                      "path": "C:\\Coding\\HomeMatch_VSCode\\homematch-v2\\test-results\\auth-fixtures-comprehensiv-a389c-cated-users-from-auth-pages-webkit\\error-context.md"
                    }
                  ],
                  "errorLocation": {
                    "file": "C:\\Coding\\HomeMatch_VSCode\\homematch-v2\\__tests__\\fixtures\\utils.ts",
                    "column": 17,
                    "line": 110
                  }
                }
              ],
              "status": "unexpected"
            }
          ],
          "id": "f9dc4dd74c7074e088fa-17818ed96dbecf4054a6",
          "file": "auth-fixtures-comprehensive.spec.ts",
          "line": 123,
          "column": 5
        }
      ]
    },
    {
      "title": "auth-simple-fixtures.spec.ts",
      "file": "auth-simple-fixtures.spec.ts",
      "column": 0,
      "line": 0,
      "specs": [
        {
          "title": "Auth Fixtures - should show login page elements",
          "ok": true,
          "tags": [],
          "tests": [
            {
              "timeout": 30000,
              "annotations": [],
              "expectedStatus": "passed",
              "projectId": "chromium",
              "projectName": "chromium",
              "results": [
                {
                  "workerIndex": 1,
                  "parallelIndex": 1,
                  "status": "passed",
                  "duration": 2767,
                  "errors": [],
                  "stdout": [
                    {
                      "text": "\u001b[36m[2025-07-31T05:33:52.319Z] [INFO] [STEP]\u001b[0m Starting test: Auth Fixtures - should show login page elements\n"
                    },
                    {
                      "text": "\u001b[36m[2025-07-31T05:33:52.321Z] [INFO] [STEP]\u001b[0m Testing login page elements display\n"
                    },
                    {
                      "text": "\u001b[36m[2025-07-31T05:33:54.790Z] [INFO] [STEP]\u001b[0m Login page elements test completed\n"
                    },
                    {
                      "text": "\u001b[36m[2025-07-31T05:33:54.792Z] [INFO] [TEST_COMPLETE]\u001b[0m Test passed: Auth Fixtures - should show login page elements\n"
                    },
                    {
                      "text": "\u001b[36m  Data:\u001b[0m { duration: \u001b[33m2751\u001b[39m, status: \u001b[32m'passed'\u001b[39m, errors: \u001b[33m0\u001b[39m }\n"
                    }
                  ],
                  "stderr": [],
                  "retry": 0,
                  "startTime": "2025-07-31T05:33:51.854Z",
                  "annotations": [],
                  "attachments": []
                }
              ],
              "status": "expected"
            }
          ],
          "id": "4afdd5e1bb4865ce6a23-d714c1e9a305f3cf01f6",
          "file": "auth-simple-fixtures.spec.ts",
          "line": 12,
          "column": 5
        },
        {
          "title": "Auth Fixtures - should enable button when form is filled",
          "ok": true,
          "tags": [],
          "tests": [
            {
              "timeout": 30000,
              "annotations": [],
              "expectedStatus": "passed",
              "projectId": "chromium",
              "projectName": "chromium",
              "results": [
                {
                  "workerIndex": 1,
                  "parallelIndex": 1,
                  "status": "passed",
                  "duration": 5674,
                  "errors": [],
                  "stdout": [
                    {
                      "text": "\u001b[36m[2025-07-31T05:33:54.898Z] [INFO] [STEP]\u001b[0m Starting test: Auth Fixtures - should enable button when form is filled\n"
                    },
                    {
                      "text": "\u001b[36m[2025-07-31T05:33:54.898Z] [INFO] [STEP]\u001b[0m Testing form validation and button enablement\n"
                    },
                    {
                      "text": "\u001b[36m[2025-07-31T05:34:00.483Z] [INFO] [STEP]\u001b[0m Form validation test completed\n"
                    },
                    {
                      "text": "\u001b[36m[2025-07-31T05:34:00.484Z] [INFO] [TEST_COMPLETE]\u001b[0m Test passed: Auth Fixtures - should enable button when form is filled\n"
                    },
                    {
                      "text": "\u001b[36m  Data:\u001b[0m { duration: \u001b[33m5666\u001b[39m, status: \u001b[32m'passed'\u001b[39m, errors: \u001b[33m0\u001b[39m }\n"
                    }
                  ],
                  "stderr": [],
                  "retry": 0,
                  "startTime": "2025-07-31T05:33:54.811Z",
                  "annotations": [],
                  "attachments": []
                }
              ],
              "status": "expected"
            }
          ],
          "id": "4afdd5e1bb4865ce6a23-a8b62b7e23ab3ba31591",
          "file": "auth-simple-fixtures.spec.ts",
          "line": 36,
          "column": 5
        },
        {
          "title": "Auth Fixtures - should handle protected route access without authentication",
          "ok": true,
          "tags": [],
          "tests": [
            {
              "timeout": 30000,
              "annotations": [],
              "expectedStatus": "passed",
              "projectId": "chromium",
              "projectName": "chromium",
              "results": [
                {
                  "workerIndex": 1,
                  "parallelIndex": 1,
                  "status": "passed",
                  "duration": 3874,
                  "errors": [],
                  "stdout": [
                    {
                      "text": "\u001b[36m[2025-07-31T05:34:00.573Z] [INFO] [STEP]\u001b[0m Starting test: Auth Fixtures - should handle protected route access without authentication\n"
                    },
                    {
                      "text": "\u001b[36m[2025-07-31T05:34:00.574Z] [INFO] [STEP]\u001b[0m Testing protected route access without authentication\n"
                    },
                    {
                      "text": "\u001b[36m[2025-07-31T05:34:04.368Z] [INFO] [STEP]\u001b[0m Protected route access test completed\n"
                    },
                    {
                      "text": "\u001b[36m[2025-07-31T05:34:04.368Z] [INFO] [TEST_COMPLETE]\u001b[0m Test passed: Auth Fixtures - should handle protected route access without authentication\n"
                    },
                    {
                      "text": "\u001b[36m  Data:\u001b[0m { duration: \u001b[33m3870\u001b[39m, status: \u001b[32m'passed'\u001b[39m, errors: \u001b[33m0\u001b[39m }\n"
                    }
                  ],
                  "stderr": [],
                  "retry": 0,
                  "startTime": "2025-07-31T05:34:00.494Z",
                  "annotations": [],
                  "attachments": []
                }
              ],
              "status": "expected"
            }
          ],
          "id": "4afdd5e1bb4865ce6a23-b9ceb3b134bf0484f45d",
          "file": "auth-simple-fixtures.spec.ts",
          "line": 71,
          "column": 5
        },
        {
          "title": "Auth Fixtures - should show login page elements",
          "ok": true,
          "tags": [],
          "tests": [
            {
              "timeout": 30000,
              "annotations": [],
              "expectedStatus": "passed",
              "projectId": "firefox",
              "projectName": "firefox",
              "results": [
                {
                  "workerIndex": 6,
                  "parallelIndex": 6,
                  "status": "passed",
                  "duration": 4748,
                  "errors": [],
                  "stdout": [
                    {
                      "text": "\u001b[36m[2025-07-31T05:33:55.166Z] [INFO] [STEP]\u001b[0m Starting test: Auth Fixtures - should show login page elements\n"
                    },
                    {
                      "text": "\u001b[36m[2025-07-31T05:33:55.168Z] [INFO] [STEP]\u001b[0m Testing login page elements display\n"
                    },
                    {
                      "text": "\u001b[36m[2025-07-31T05:33:58.377Z] [INFO] [STEP]\u001b[0m Login page elements test completed\n"
                    },
                    {
                      "text": "\u001b[36m[2025-07-31T05:33:58.379Z] [INFO] [TEST_COMPLETE]\u001b[0m Test passed: Auth Fixtures - should show login page elements\n"
                    },
                    {
                      "text": "\u001b[36m  Data:\u001b[0m { duration: \u001b[33m4737\u001b[39m, status: \u001b[32m'passed'\u001b[39m, errors: \u001b[33m0\u001b[39m }\n"
                    }
                  ],
                  "stderr": [],
                  "retry": 0,
                  "startTime": "2025-07-31T05:33:51.914Z",
                  "annotations": [],
                  "attachments": []
                }
              ],
              "status": "expected"
            }
          ],
          "id": "4afdd5e1bb4865ce6a23-3aca746eed736b6ae795",
          "file": "auth-simple-fixtures.spec.ts",
          "line": 12,
          "column": 5
        },
        {
          "title": "Auth Fixtures - should enable button when form is filled",
          "ok": true,
          "tags": [],
          "tests": [
            {
              "timeout": 30000,
              "annotations": [],
              "expectedStatus": "passed",
              "projectId": "firefox",
              "projectName": "firefox",
              "results": [
                {
                  "workerIndex": 6,
                  "parallelIndex": 6,
                  "status": "passed",
                  "duration": 5137,
                  "errors": [],
                  "stdout": [
                    {
                      "text": "\u001b[36m[2025-07-31T05:33:58.574Z] [INFO] [STEP]\u001b[0m Starting test: Auth Fixtures - should enable button when form is filled\n"
                    },
                    {
                      "text": "\u001b[36m[2025-07-31T05:33:58.575Z] [INFO] [STEP]\u001b[0m Testing form validation and button enablement\n"
                    },
                    {
                      "text": "\u001b[36m[2025-07-31T05:34:03.522Z] [INFO] [STEP]\u001b[0m Form validation test completed\n"
                    },
                    {
                      "text": "\u001b[36m[2025-07-31T05:34:03.522Z] [INFO] [TEST_COMPLETE]\u001b[0m Test passed: Auth Fixtures - should enable button when form is filled\n"
                    },
                    {
                      "text": "\u001b[36m  Data:\u001b[0m { duration: \u001b[33m5126\u001b[39m, status: \u001b[32m'passed'\u001b[39m, errors: \u001b[33m0\u001b[39m }\n"
                    }
                  ],
                  "stderr": [],
                  "retry": 0,
                  "startTime": "2025-07-31T05:33:58.392Z",
                  "annotations": [],
                  "attachments": []
                }
              ],
              "status": "expected"
            }
          ],
          "id": "4afdd5e1bb4865ce6a23-ca10dd3c1df1f94ebddc",
          "file": "auth-simple-fixtures.spec.ts",
          "line": 36,
          "column": 5
        },
        {
          "title": "Auth Fixtures - should handle protected route access without authentication",
          "ok": true,
          "tags": [],
          "tests": [
            {
              "timeout": 30000,
              "annotations": [],
              "expectedStatus": "passed",
              "projectId": "firefox",
              "projectName": "firefox",
              "results": [
                {
                  "workerIndex": 6,
                  "parallelIndex": 6,
                  "status": "passed",
                  "duration": 4822,
                  "errors": [],
                  "stdout": [
                    {
                      "text": "\u001b[36m[2025-07-31T05:34:03.725Z] [INFO] [STEP]\u001b[0m Starting test: Auth Fixtures - should handle protected route access without authentication\n"
                    },
                    {
                      "text": "\u001b[36m[2025-07-31T05:34:03.726Z] [INFO] [STEP]\u001b[0m Testing protected route access without authentication\n"
                    },
                    {
                      "text": "\u001b[36m[2025-07-31T05:34:08.350Z] [INFO] [STEP]\u001b[0m Protected route access test completed\n"
                    },
                    {
                      "text": "\u001b[36m[2025-07-31T05:34:08.352Z] [INFO] [TEST_COMPLETE]\u001b[0m Test passed: Auth Fixtures - should handle protected route access without authentication\n"
                    },
                    {
                      "text": "\u001b[36m  Data:\u001b[0m { duration: \u001b[33m4810\u001b[39m, status: \u001b[32m'passed'\u001b[39m, errors: \u001b[33m0\u001b[39m }\n"
                    }
                  ],
                  "stderr": [],
                  "retry": 0,
                  "startTime": "2025-07-31T05:34:03.535Z",
                  "annotations": [],
                  "attachments": []
                }
              ],
              "status": "expected"
            }
          ],
          "id": "4afdd5e1bb4865ce6a23-15faf2dde30cac67bbd4",
          "file": "auth-simple-fixtures.spec.ts",
          "line": 71,
          "column": 5
        },
        {
          "title": "Auth Fixtures - should show login page elements",
          "ok": true,
          "tags": [],
          "tests": [
            {
              "timeout": 30000,
              "annotations": [],
              "expectedStatus": "passed",
              "projectId": "webkit",
              "projectName": "webkit",
              "results": [
                {
                  "workerIndex": 14,
                  "parallelIndex": 6,
                  "status": "passed",
                  "duration": 2867,
                  "errors": [],
                  "stdout": [
                    {
                      "text": "\u001b[36m[2025-07-31T05:34:11.118Z] [INFO] [STEP]\u001b[0m Starting test: Auth Fixtures - should show login page elements\n"
                    },
                    {
                      "text": "\u001b[36m[2025-07-31T05:34:11.119Z] [INFO] [STEP]\u001b[0m Testing login page elements display\n"
                    },
                    {
                      "text": "\u001b[36m[2025-07-31T05:34:13.727Z] [INFO] [STEP]\u001b[0m Login page elements test completed\n"
                    },
                    {
                      "text": "\u001b[36m[2025-07-31T05:34:13.728Z] [INFO] [TEST_COMPLETE]\u001b[0m Test passed: Auth Fixtures - should show login page elements\n"
                    },
                    {
                      "text": "\u001b[36m  Data:\u001b[0m { duration: \u001b[33m2856\u001b[39m, status: \u001b[32m'passed'\u001b[39m, errors: \u001b[33m0\u001b[39m }\n"
                    }
                  ],
                  "stderr": [],
                  "retry": 0,
                  "startTime": "2025-07-31T05:34:10.807Z",
                  "annotations": [],
                  "attachments": []
                }
              ],
              "status": "expected"
            }
          ],
          "id": "4afdd5e1bb4865ce6a23-c4c01aecf145f3cb16a9",
          "file": "auth-simple-fixtures.spec.ts",
          "line": 12,
          "column": 5
        },
        {
          "title": "Auth Fixtures - should enable button when form is filled",
          "ok": true,
          "tags": [],
          "tests": [
            {
              "timeout": 30000,
              "annotations": [],
              "expectedStatus": "passed",
              "projectId": "webkit",
              "projectName": "webkit",
              "results": [
                {
                  "workerIndex": 14,
                  "parallelIndex": 6,
                  "status": "passed",
                  "duration": 7937,
                  "errors": [],
                  "stdout": [
                    {
                      "text": "\u001b[36m[2025-07-31T05:34:13.955Z] [INFO] [STEP]\u001b[0m Starting test: Auth Fixtures - should enable button when form is filled\n"
                    },
                    {
                      "text": "\u001b[36m[2025-07-31T05:34:13.956Z] [INFO] [STEP]\u001b[0m Testing form validation and button enablement\n"
                    },
                    {
                      "text": "\u001b[36m[2025-07-31T05:34:21.674Z] [INFO] [STEP]\u001b[0m Form validation test completed\n"
                    },
                    {
                      "text": "\u001b[36m[2025-07-31T05:34:21.675Z] [INFO] [TEST_COMPLETE]\u001b[0m Test passed: Auth Fixtures - should enable button when form is filled\n"
                    },
                    {
                      "text": "\u001b[36m  Data:\u001b[0m { duration: \u001b[33m7928\u001b[39m, status: \u001b[32m'passed'\u001b[39m, errors: \u001b[33m0\u001b[39m }\n"
                    }
                  ],
                  "stderr": [],
                  "retry": 0,
                  "startTime": "2025-07-31T05:34:13.742Z",
                  "annotations": [],
                  "attachments": []
                }
              ],
              "status": "expected"
            }
          ],
          "id": "4afdd5e1bb4865ce6a23-e2164ea5f2440ac35f04",
          "file": "auth-simple-fixtures.spec.ts",
          "line": 36,
          "column": 5
        },
        {
          "title": "Auth Fixtures - should handle protected route access without authentication",
          "ok": true,
          "tags": [],
          "tests": [
            {
              "timeout": 30000,
              "annotations": [],
              "expectedStatus": "passed",
              "projectId": "webkit",
              "projectName": "webkit",
              "results": [
                {
                  "workerIndex": 14,
                  "parallelIndex": 6,
                  "status": "passed",
                  "duration": 4961,
                  "errors": [],
                  "stdout": [
                    {
                      "text": "\u001b[36m[2025-07-31T05:34:21.845Z] [INFO] [STEP]\u001b[0m Starting test: Auth Fixtures - should handle protected route access without authentication\n"
                    },
                    {
                      "text": "\u001b[36m[2025-07-31T05:34:21.845Z] [INFO] [STEP]\u001b[0m Testing protected route access without authentication\n"
                    },
                    {
                      "text": "\u001b[36m[2025-07-31T05:34:26.637Z] [INFO] [STEP]\u001b[0m Protected route access test completed\n"
                    },
                    {
                      "text": "\u001b[36m[2025-07-31T05:34:26.638Z] [INFO] [TEST_COMPLETE]\u001b[0m Test passed: Auth Fixtures - should handle protected route access without authentication\n"
                    },
                    {
                      "text": "\u001b[36m  Data:\u001b[0m { duration: \u001b[33m4949\u001b[39m, status: \u001b[32m'passed'\u001b[39m, errors: \u001b[33m0\u001b[39m }\n"
                    }
                  ],
                  "stderr": [],
                  "retry": 0,
                  "startTime": "2025-07-31T05:34:21.685Z",
                  "annotations": [],
                  "attachments": []
                }
              ],
              "status": "expected"
            }
          ],
          "id": "4afdd5e1bb4865ce6a23-aca8883719b075b09513",
          "file": "auth-simple-fixtures.spec.ts",
          "line": 71,
          "column": 5
        }
      ]
    },
    {
      "title": "fixtures-complete.spec.ts",
      "file": "fixtures-complete.spec.ts",
      "column": 0,
      "line": 0,
      "specs": [
        {
          "title": "Complete Fixtures - should authenticate user with all fixtures",
          "ok": false,
          "tags": [],
          "tests": [
            {
              "timeout": 30000,
              "annotations": [],
              "expectedStatus": "passed",
              "projectId": "chromium",
              "projectName": "chromium",
              "results": [
                {
                  "workerIndex": 2,
                  "parallelIndex": 2,
                  "status": "failed",
                  "duration": 15212,
                  "error": {
                    "message": "Error: Failed to authenticate user test1@example.com: URL did not match expected pattern",
                    "stack": "Error: Failed to authenticate user test1@example.com: URL did not match expected pattern\n    at Object.waitForAuthRedirect (C:\\Coding\\HomeMatch_VSCode\\homematch-v2\\__tests__\\fixtures\\utils.ts:110:17)\n    at Object.login (C:\\Coding\\HomeMatch_VSCode\\homematch-v2\\__tests__\\fixtures\\auth.ts:61:11)\n    at C:\\Coding\\HomeMatch_VSCode\\homematch-v2\\__tests__\\e2e\\fixtures-complete.spec.ts:26:3",
                    "location": {
                      "file": "C:\\Coding\\HomeMatch_VSCode\\homematch-v2\\__tests__\\fixtures\\utils.ts",
                      "column": 17,
                      "line": 110
                    },
                    "snippet": "\u001b[90m   at \u001b[39m..\\fixtures\\utils.ts:110\n\n\u001b[0m \u001b[90m 108 |\u001b[39m           }\n \u001b[90m 109 |\u001b[39m           \n\u001b[31m\u001b[1m>\u001b[22m\u001b[39m\u001b[90m 110 |\u001b[39m           \u001b[36mthrow\u001b[39m \u001b[36mnew\u001b[39m \u001b[33mError\u001b[39m(\u001b[32m`${errorMessage}: URL did not match expected pattern`\u001b[39m)\n \u001b[90m     |\u001b[39m                 \u001b[31m\u001b[1m^\u001b[22m\u001b[39m\n \u001b[90m 111 |\u001b[39m         }\n \u001b[90m 112 |\u001b[39m       }\n \u001b[90m 113 |\u001b[39m     }\u001b[0m"
                  },
                  "errors": [
                    {
                      "location": {
                        "file": "C:\\Coding\\HomeMatch_VSCode\\homematch-v2\\__tests__\\fixtures\\utils.ts",
                        "column": 17,
                        "line": 110
                      },
                      "message": "Error: Failed to authenticate user test1@example.com: URL did not match expected pattern\n\n   at ..\\fixtures\\utils.ts:110\n\n  108 |           }\n  109 |           \n> 110 |           throw new Error(`${errorMessage}: URL did not match expected pattern`)\n      |                 ^\n  111 |         }\n  112 |       }\n  113 |     }\n    at Object.waitForAuthRedirect (C:\\Coding\\HomeMatch_VSCode\\homematch-v2\\__tests__\\fixtures\\utils.ts:110:17)\n    at Object.login (C:\\Coding\\HomeMatch_VSCode\\homematch-v2\\__tests__\\fixtures\\auth.ts:61:11)\n    at C:\\Coding\\HomeMatch_VSCode\\homematch-v2\\__tests__\\e2e\\fixtures-complete.spec.ts:26:3"
                    }
                  ],
                  "stdout": [
                    {
                      "text": "\u001b[36m[2025-07-31T05:33:52.267Z] [INFO] [STEP]\u001b[0m Starting test: Complete Fixtures - should authenticate user with all fixtures\n"
                    },
                    {
                      "text": "\u001b[36m[2025-07-31T05:33:52.270Z] [INFO] [STEP]\u001b[0m Starting comprehensive fixture test\n"
                    },
                    {
                      "text": "\u001b[36m[2025-07-31T05:33:54.059Z] [INFO] [STEP]\u001b[0m Testing authentication flow\n"
                    },
                    {
                      "text": "\u001b[31m[2025-07-31T05:33:57.532Z] [ERROR] [CONSOLE]\u001b[0m Failed to load resource: the server responded with a status of 400 ()\n"
                    },
                    {
                      "text": "\u001b[31m  Data:\u001b[0m {\n  location: {\n    url: \u001b[32m'https://lpwlbbowavozpywnpamn.supabase.co/auth/v1/token?grant_type=password'\u001b[39m,\n    lineNumber: \u001b[33m0\u001b[39m,\n    columnNumber: \u001b[33m0\u001b[39m\n  }\n}\n"
                    },
                    {
                      "text": "\u001b[36m[2025-07-31T05:34:07.218Z] [INFO] [TEST_COMPLETE]\u001b[0m Test failed: Complete Fixtures - should authenticate user with all fixtures\n"
                    },
                    {
                      "text": "\u001b[36m  Data:\u001b[0m { duration: \u001b[33m15180\u001b[39m, status: \u001b[32m'failed'\u001b[39m, errors: \u001b[33m1\u001b[39m }\n"
                    },
                    {
                      "text": "ðŸ“Š Test failure logs saved\n"
                    },
                    {
                      "text": "{\n  \"total\": 5,\n  \"byLevel\": {\n    \"info\": 4,\n    \"warn\": 0,\n    \"error\": 1,\n    \"debug\": 0\n  },\n  \"byCategory\": {\n    \"STEP\": 3,\n    \"CONSOLE\": 1,\n    \"TEST_COMPLETE\": 1\n  }\n}\n"
                    }
                  ],
                  "stderr": [],
                  "retry": 0,
                  "startTime": "2025-07-31T05:33:51.854Z",
                  "annotations": [],
                  "attachments": [
                    {
                      "name": "error-context",
                      "contentType": "text/markdown",
                      "path": "C:\\Coding\\HomeMatch_VSCode\\homematch-v2\\test-results\\fixtures-complete-Complete-fb41c-cate-user-with-all-fixtures-chromium\\error-context.md"
                    }
                  ],
                  "errorLocation": {
                    "file": "C:\\Coding\\HomeMatch_VSCode\\homematch-v2\\__tests__\\fixtures\\utils.ts",
                    "column": 17,
                    "line": 110
                  }
                }
              ],
              "status": "unexpected"
            }
          ],
          "id": "73f78b65a2dd0075f575-1301c7587a2e280df036",
          "file": "fixtures-complete.spec.ts",
          "line": 8,
          "column": 5
        },
        {
          "title": "Complete Fixtures - should handle errors gracefully",
          "ok": false,
          "tags": [],
          "tests": [
            {
              "timeout": 30000,
              "annotations": [],
              "expectedStatus": "passed",
              "projectId": "chromium",
              "projectName": "chromium",
              "results": [
                {
                  "workerIndex": 12,
                  "parallelIndex": 2,
                  "status": "failed",
                  "duration": 13593,
                  "error": {
                    "message": "Error: Failed to redirect after authentication: URL did not match expected pattern",
                    "stack": "Error: Failed to redirect after authentication: URL did not match expected pattern\n    at Object.waitForAuthRedirect (C:\\Coding\\HomeMatch_VSCode\\homematch-v2\\__tests__\\fixtures\\utils.ts:110:17)\n    at C:\\Coding\\HomeMatch_VSCode\\homematch-v2\\__tests__\\e2e\\fixtures-complete.spec.ts:69:5\n    at Object.retry (C:\\Coding\\HomeMatch_VSCode\\homematch-v2\\__tests__\\fixtures\\retry.ts:35:20)\n    at C:\\Coding\\HomeMatch_VSCode\\homematch-v2\\__tests__\\e2e\\fixtures-complete.spec.ts:55:3",
                    "location": {
                      "file": "C:\\Coding\\HomeMatch_VSCode\\homematch-v2\\__tests__\\fixtures\\utils.ts",
                      "column": 17,
                      "line": 110
                    },
                    "snippet": "\u001b[90m   at \u001b[39m..\\fixtures\\utils.ts:110\n\n\u001b[0m \u001b[90m 108 |\u001b[39m           }\n \u001b[90m 109 |\u001b[39m           \n\u001b[31m\u001b[1m>\u001b[22m\u001b[39m\u001b[90m 110 |\u001b[39m           \u001b[36mthrow\u001b[39m \u001b[36mnew\u001b[39m \u001b[33mError\u001b[39m(\u001b[32m`${errorMessage}: URL did not match expected pattern`\u001b[39m)\n \u001b[90m     |\u001b[39m                 \u001b[31m\u001b[1m^\u001b[22m\u001b[39m\n \u001b[90m 111 |\u001b[39m         }\n \u001b[90m 112 |\u001b[39m       }\n \u001b[90m 113 |\u001b[39m     }\u001b[0m"
                  },
                  "errors": [
                    {
                      "location": {
                        "file": "C:\\Coding\\HomeMatch_VSCode\\homematch-v2\\__tests__\\fixtures\\utils.ts",
                        "column": 17,
                        "line": 110
                      },
                      "message": "Error: Failed to redirect after authentication: URL did not match expected pattern\n\n   at ..\\fixtures\\utils.ts:110\n\n  108 |           }\n  109 |           \n> 110 |           throw new Error(`${errorMessage}: URL did not match expected pattern`)\n      |                 ^\n  111 |         }\n  112 |       }\n  113 |     }\n    at Object.waitForAuthRedirect (C:\\Coding\\HomeMatch_VSCode\\homematch-v2\\__tests__\\fixtures\\utils.ts:110:17)\n    at C:\\Coding\\HomeMatch_VSCode\\homematch-v2\\__tests__\\e2e\\fixtures-complete.spec.ts:69:5\n    at Object.retry (C:\\Coding\\HomeMatch_VSCode\\homematch-v2\\__tests__\\fixtures\\retry.ts:35:20)\n    at C:\\Coding\\HomeMatch_VSCode\\homematch-v2\\__tests__\\e2e\\fixtures-complete.spec.ts:55:3"
                    }
                  ],
                  "stdout": [
                    {
                      "text": "\u001b[36m[2025-07-31T05:34:09.534Z] [INFO] [STEP]\u001b[0m Starting test: Complete Fixtures - should handle errors gracefully\n"
                    },
                    {
                      "text": "\u001b[36m[2025-07-31T05:34:09.536Z] [INFO] [STEP]\u001b[0m Testing error handling with retry\n"
                    },
                    {
                      "text": "\u001b[31m[2025-07-31T05:34:13.380Z] [ERROR] [CONSOLE]\u001b[0m Failed to load resource: the server responded with a status of 400 ()\n"
                    },
                    {
                      "text": "\u001b[31m  Data:\u001b[0m {\n  location: {\n    url: \u001b[32m'https://lpwlbbowavozpywnpamn.supabase.co/auth/v1/token?grant_type=password'\u001b[39m,\n    lineNumber: \u001b[33m0\u001b[39m,\n    columnNumber: \u001b[33m0\u001b[39m\n  }\n}\n"
                    },
                    {
                      "text": "\u001b[36m[2025-07-31T05:34:22.946Z] [INFO] [TEST_COMPLETE]\u001b[0m Test failed: Complete Fixtures - should handle errors gracefully\n"
                    },
                    {
                      "text": "\u001b[36m  Data:\u001b[0m { duration: \u001b[33m13569\u001b[39m, status: \u001b[32m'failed'\u001b[39m, errors: \u001b[33m1\u001b[39m }\n"
                    },
                    {
                      "text": "ðŸ“Š Test failure logs saved\n"
                    },
                    {
                      "text": "{\n  \"total\": 4,\n  \"byLevel\": {\n    \"info\": 3,\n    \"warn\": 0,\n    \"error\": 1,\n    \"debug\": 0\n  },\n  \"byCategory\": {\n    \"STEP\": 2,\n    \"CONSOLE\": 1,\n    \"TEST_COMPLETE\": 1\n  }\n}\n"
                    }
                  ],
                  "stderr": [],
                  "retry": 0,
                  "startTime": "2025-07-31T05:34:09.259Z",
                  "annotations": [],
                  "attachments": [
                    {
                      "name": "error-context",
                      "contentType": "text/markdown",
                      "path": "C:\\Coding\\HomeMatch_VSCode\\homematch-v2\\test-results\\fixtures-complete-Complete-e028a-ld-handle-errors-gracefully-chromium\\error-context.md"
                    }
                  ],
                  "errorLocation": {
                    "file": "C:\\Coding\\HomeMatch_VSCode\\homematch-v2\\__tests__\\fixtures\\utils.ts",
                    "column": 17,
                    "line": 110
                  }
                }
              ],
              "status": "unexpected"
            }
          ],
          "id": "73f78b65a2dd0075f575-8bb4def8521645e88119",
          "file": "fixtures-complete.spec.ts",
          "line": 41,
          "column": 5
        },
        {
          "title": "Complete Fixtures - should work with form validation",
          "ok": true,
          "tags": [],
          "tests": [
            {
              "timeout": 30000,
              "annotations": [],
              "expectedStatus": "passed",
              "projectId": "chromium",
              "projectName": "chromium",
              "results": [
                {
                  "workerIndex": 19,
                  "parallelIndex": 2,
                  "status": "passed",
                  "duration": 2767,
                  "errors": [],
                  "stdout": [
                    {
                      "text": "\u001b[36m[2025-07-31T05:34:24.974Z] [INFO] [STEP]\u001b[0m Starting test: Complete Fixtures - should work with form validation\n"
                    },
                    {
                      "text": "\u001b[36m[2025-07-31T05:34:24.975Z] [INFO] [STEP]\u001b[0m Testing form validation flow\n"
                    },
                    {
                      "text": "\u001b[36m[2025-07-31T05:34:27.536Z] [INFO] [STEP]\u001b[0m Form validation test completed\n"
                    },
                    {
                      "text": "\u001b[36m[2025-07-31T05:34:27.539Z] [INFO] [TEST_COMPLETE]\u001b[0m Test passed: Complete Fixtures - should work with form validation\n"
                    },
                    {
                      "text": "\u001b[36m  Data:\u001b[0m { duration: \u001b[33m2751\u001b[39m, status: \u001b[32m'passed'\u001b[39m, errors: \u001b[33m0\u001b[39m }\n"
                    }
                  ],
                  "stderr": [],
                  "retry": 0,
                  "startTime": "2025-07-31T05:34:24.627Z",
                  "annotations": [],
                  "attachments": []
                }
              ],
              "status": "expected"
            }
          ],
          "id": "73f78b65a2dd0075f575-566eac2da4228d24334a",
          "file": "fixtures-complete.spec.ts",
          "line": 77,
          "column": 5
        },
        {
          "title": "Complete Fixtures - should authenticate user with all fixtures",
          "ok": false,
          "tags": [],
          "tests": [
            {
              "timeout": 30000,
              "annotations": [],
              "expectedStatus": "passed",
              "projectId": "firefox",
              "projectName": "firefox",
              "results": [
                {
                  "workerIndex": 7,
                  "parallelIndex": 7,
                  "status": "failed",
                  "duration": 17465,
                  "error": {
                    "message": "Error: Failed to authenticate user test1@example.com: URL did not match expected pattern",
                    "stack": "Error: Failed to authenticate user test1@example.com: URL did not match expected pattern\n    at Object.waitForAuthRedirect (C:\\Coding\\HomeMatch_VSCode\\homematch-v2\\__tests__\\fixtures\\utils.ts:110:17)\n    at Object.login (C:\\Coding\\HomeMatch_VSCode\\homematch-v2\\__tests__\\fixtures\\auth.ts:61:11)\n    at C:\\Coding\\HomeMatch_VSCode\\homematch-v2\\__tests__\\e2e\\fixtures-complete.spec.ts:26:3",
                    "location": {
                      "file": "C:\\Coding\\HomeMatch_VSCode\\homematch-v2\\__tests__\\fixtures\\utils.ts",
                      "column": 17,
                      "line": 110
                    },
                    "snippet": "\u001b[90m   at \u001b[39m..\\fixtures\\utils.ts:110\n\n\u001b[0m \u001b[90m 108 |\u001b[39m           }\n \u001b[90m 109 |\u001b[39m           \n\u001b[31m\u001b[1m>\u001b[22m\u001b[39m\u001b[90m 110 |\u001b[39m           \u001b[36mthrow\u001b[39m \u001b[36mnew\u001b[39m \u001b[33mError\u001b[39m(\u001b[32m`${errorMessage}: URL did not match expected pattern`\u001b[39m)\n \u001b[90m     |\u001b[39m                 \u001b[31m\u001b[1m^\u001b[22m\u001b[39m\n \u001b[90m 111 |\u001b[39m         }\n \u001b[90m 112 |\u001b[39m       }\n \u001b[90m 113 |\u001b[39m     }\u001b[0m"
                  },
                  "errors": [
                    {
                      "location": {
                        "file": "C:\\Coding\\HomeMatch_VSCode\\homematch-v2\\__tests__\\fixtures\\utils.ts",
                        "column": 17,
                        "line": 110
                      },
                      "message": "Error: Failed to authenticate user test1@example.com: URL did not match expected pattern\n\n   at ..\\fixtures\\utils.ts:110\n\n  108 |           }\n  109 |           \n> 110 |           throw new Error(`${errorMessage}: URL did not match expected pattern`)\n      |                 ^\n  111 |         }\n  112 |       }\n  113 |     }\n    at Object.waitForAuthRedirect (C:\\Coding\\HomeMatch_VSCode\\homematch-v2\\__tests__\\fixtures\\utils.ts:110:17)\n    at Object.login (C:\\Coding\\HomeMatch_VSCode\\homematch-v2\\__tests__\\fixtures\\auth.ts:61:11)\n    at C:\\Coding\\HomeMatch_VSCode\\homematch-v2\\__tests__\\e2e\\fixtures-complete.spec.ts:26:3"
                    }
                  ],
                  "stdout": [
                    {
                      "text": "\u001b[36m[2025-07-31T05:33:56.326Z] [INFO] [STEP]\u001b[0m Starting test: Complete Fixtures - should authenticate user with all fixtures\n"
                    },
                    {
                      "text": "\u001b[36m[2025-07-31T05:33:56.329Z] [INFO] [STEP]\u001b[0m Starting comprehensive fixture test\n"
                    },
                    {
                      "text": "\u001b[36m[2025-07-31T05:33:58.647Z] [INFO] [STEP]\u001b[0m Testing authentication flow\n"
                    },
                    {
                      "text": "\u001b[33m[2025-07-31T05:34:09.062Z] [WARN] [CONSOLE]\u001b[0m [JavaScript Warning: \"The resource at â€œhttp://localhost:3000/_next/static/media/8ee3a1ba4ed5baee-s.p.be19f591.woff2â€ preloaded with link preload was not used within a few seconds. Make sure all attributes of the preload tag are set correctly.\" {file: \"http://localhost:3000/login\" line: 0}]\n"
                    },
                    {
                      "text": "\u001b[33m  Data:\u001b[0m {\n  location: {\n    url: \u001b[32m'http://localhost:3000/login'\u001b[39m,\n    lineNumber: \u001b[33m0\u001b[39m,\n    columnNumber: \u001b[33m1\u001b[39m\n  }\n}\n"
                    },
                    {
                      "text": "\u001b[33m[2025-07-31T05:34:09.065Z] [WARN] [CONSOLE]\u001b[0m [JavaScript Warning: \"The resource at â€œhttp://localhost:3000/_next/static/media/b0a57561b6cb5495-s.p.da1ebef7.woff2â€ preloaded with link preload was not used within a few seconds. Make sure all attributes of the preload tag are set correctly.\" {file: \"http://localhost:3000/login\" line: 0}]\n"
                    },
                    {
                      "text": "\u001b[33m  Data:\u001b[0m {\n  location: {\n    url: \u001b[32m'http://localhost:3000/login'\u001b[39m,\n    lineNumber: \u001b[33m0\u001b[39m,\n    columnNumber: \u001b[33m1\u001b[39m\n  }\n}\n"
                    },
                    {
                      "text": "\u001b[36m[2025-07-31T05:34:11.876Z] [INFO] [TEST_COMPLETE]\u001b[0m Test failed: Complete Fixtures - should authenticate user with all fixtures\n"
                    },
                    {
                      "text": "\u001b[36m  Data:\u001b[0m { duration: \u001b[33m17419\u001b[39m, status: \u001b[32m'failed'\u001b[39m, errors: \u001b[33m1\u001b[39m }\n"
                    },
                    {
                      "text": "ðŸ“Š Test failure logs saved\n"
                    },
                    {
                      "text": "{\n  \"total\": 6,\n  \"byLevel\": {\n    \"info\": 4,\n    \"warn\": 2,\n    \"error\": 0,\n    \"debug\": 0\n  },\n  \"byCategory\": {\n    \"STEP\": 3,\n    \"CONSOLE\": 2,\n    \"TEST_COMPLETE\": 1\n  }\n}\n"
                    }
                  ],
                  "stderr": [],
                  "retry": 0,
                  "startTime": "2025-07-31T05:33:51.919Z",
                  "annotations": [],
                  "attachments": [
                    {
                      "name": "error-context",
                      "contentType": "text/markdown",
                      "path": "C:\\Coding\\HomeMatch_VSCode\\homematch-v2\\test-results\\fixtures-complete-Complete-fb41c-cate-user-with-all-fixtures-firefox\\error-context.md"
                    }
                  ],
                  "errorLocation": {
                    "file": "C:\\Coding\\HomeMatch_VSCode\\homematch-v2\\__tests__\\fixtures\\utils.ts",
                    "column": 17,
                    "line": 110
                  }
                }
              ],
              "status": "unexpected"
            }
          ],
          "id": "73f78b65a2dd0075f575-c6ae309c981df70d7583",
          "file": "fixtures-complete.spec.ts",
          "line": 8,
          "column": 5
        },
        {
          "title": "Complete Fixtures - should handle errors gracefully",
          "ok": false,
          "tags": [],
          "tests": [
            {
              "timeout": 30000,
              "annotations": [],
              "expectedStatus": "passed",
              "projectId": "firefox",
              "projectName": "firefox",
              "results": [
                {
                  "workerIndex": 16,
                  "parallelIndex": 7,
                  "status": "failed",
                  "duration": 15839,
                  "error": {
                    "message": "Error: Failed to redirect after authentication: URL did not match expected pattern",
                    "stack": "Error: Failed to redirect after authentication: URL did not match expected pattern\n    at Object.waitForAuthRedirect (C:\\Coding\\HomeMatch_VSCode\\homematch-v2\\__tests__\\fixtures\\utils.ts:110:17)\n    at C:\\Coding\\HomeMatch_VSCode\\homematch-v2\\__tests__\\e2e\\fixtures-complete.spec.ts:69:5\n    at Object.retry (C:\\Coding\\HomeMatch_VSCode\\homematch-v2\\__tests__\\fixtures\\retry.ts:35:20)\n    at C:\\Coding\\HomeMatch_VSCode\\homematch-v2\\__tests__\\e2e\\fixtures-complete.spec.ts:55:3",
                    "location": {
                      "file": "C:\\Coding\\HomeMatch_VSCode\\homematch-v2\\__tests__\\fixtures\\utils.ts",
                      "column": 17,
                      "line": 110
                    },
                    "snippet": "\u001b[90m   at \u001b[39m..\\fixtures\\utils.ts:110\n\n\u001b[0m \u001b[90m 108 |\u001b[39m           }\n \u001b[90m 109 |\u001b[39m           \n\u001b[31m\u001b[1m>\u001b[22m\u001b[39m\u001b[90m 110 |\u001b[39m           \u001b[36mthrow\u001b[39m \u001b[36mnew\u001b[39m \u001b[33mError\u001b[39m(\u001b[32m`${errorMessage}: URL did not match expected pattern`\u001b[39m)\n \u001b[90m     |\u001b[39m                 \u001b[31m\u001b[1m^\u001b[22m\u001b[39m\n \u001b[90m 111 |\u001b[39m         }\n \u001b[90m 112 |\u001b[39m       }\n \u001b[90m 113 |\u001b[39m     }\u001b[0m"
                  },
                  "errors": [
                    {
                      "location": {
                        "file": "C:\\Coding\\HomeMatch_VSCode\\homematch-v2\\__tests__\\fixtures\\utils.ts",
                        "column": 17,
                        "line": 110
                      },
                      "message": "Error: Failed to redirect after authentication: URL did not match expected pattern\n\n   at ..\\fixtures\\utils.ts:110\n\n  108 |           }\n  109 |           \n> 110 |           throw new Error(`${errorMessage}: URL did not match expected pattern`)\n      |                 ^\n  111 |         }\n  112 |       }\n  113 |     }\n    at Object.waitForAuthRedirect (C:\\Coding\\HomeMatch_VSCode\\homematch-v2\\__tests__\\fixtures\\utils.ts:110:17)\n    at C:\\Coding\\HomeMatch_VSCode\\homematch-v2\\__tests__\\e2e\\fixtures-complete.spec.ts:69:5\n    at Object.retry (C:\\Coding\\HomeMatch_VSCode\\homematch-v2\\__tests__\\fixtures\\retry.ts:35:20)\n    at C:\\Coding\\HomeMatch_VSCode\\homematch-v2\\__tests__\\e2e\\fixtures-complete.spec.ts:55:3"
                    }
                  ],
                  "stdout": [
                    {
                      "text": "\u001b[36m[2025-07-31T05:34:16.851Z] [INFO] [STEP]\u001b[0m Starting test: Complete Fixtures - should handle errors gracefully\n"
                    },
                    {
                      "text": "\u001b[36m[2025-07-31T05:34:16.855Z] [INFO] [STEP]\u001b[0m Testing error handling with retry\n"
                    },
                    {
                      "text": "\u001b[33m[2025-07-31T05:34:27.829Z] [WARN] [CONSOLE]\u001b[0m [JavaScript Warning: \"The resource at â€œhttp://localhost:3000/_next/static/media/8ee3a1ba4ed5baee-s.p.be19f591.woff2â€ preloaded with link preload was not used within a few seconds. Make sure all attributes of the preload tag are set correctly.\" {file: \"http://localhost:3000/login\" line: 0}]\n"
                    },
                    {
                      "text": "\u001b[33m  Data:\u001b[0m {\n  location: {\n    url: \u001b[32m'http://localhost:3000/login'\u001b[39m,\n    lineNumber: \u001b[33m0\u001b[39m,\n    columnNumber: \u001b[33m1\u001b[39m\n  }\n}\n"
                    },
                    {
                      "text": "\u001b[33m[2025-07-31T05:34:27.830Z] [WARN] [CONSOLE]\u001b[0m [JavaScript Warning: \"The resource at â€œhttp://localhost:3000/_next/static/media/b0a57561b6cb5495-s.p.da1ebef7.woff2â€ preloaded with link preload was not used within a few seconds. Make sure all attributes of the preload tag are set correctly.\" {file: \"http://localhost:3000/login\" line: 0}]\n"
                    },
                    {
                      "text": "\u001b[33m  Data:\u001b[0m {\n  location: {\n    url: \u001b[32m'http://localhost:3000/login'\u001b[39m,\n    lineNumber: \u001b[33m0\u001b[39m,\n    columnNumber: \u001b[33m1\u001b[39m\n  }\n}\n"
                    },
                    {
                      "text": "\u001b[36m[2025-07-31T05:34:31.258Z] [INFO] [TEST_COMPLETE]\u001b[0m Test failed: Complete Fixtures - should handle errors gracefully\n"
                    },
                    {
                      "text": "\u001b[36m  Data:\u001b[0m { duration: \u001b[33m15752\u001b[39m, status: \u001b[32m'failed'\u001b[39m, errors: \u001b[33m1\u001b[39m }\n"
                    },
                    {
                      "text": "ðŸ“Š Test failure logs saved\n"
                    },
                    {
                      "text": "{\n  \"total\": 5,\n  \"byLevel\": {\n    \"info\": 3,\n    \"warn\": 2,\n    \"error\": 0,\n    \"debug\": 0\n  },\n  \"byCategory\": {\n    \"STEP\": 2,\n    \"CONSOLE\": 2,\n    \"TEST_COMPLETE\": 1\n  }\n}\n"
                    }
                  ],
                  "stderr": [],
                  "retry": 0,
                  "startTime": "2025-07-31T05:34:14.466Z",
                  "annotations": [],
                  "attachments": [
                    {
                      "name": "error-context",
                      "contentType": "text/markdown",
                      "path": "C:\\Coding\\HomeMatch_VSCode\\homematch-v2\\test-results\\fixtures-complete-Complete-e028a-ld-handle-errors-gracefully-firefox\\error-context.md"
                    }
                  ],
                  "errorLocation": {
                    "file": "C:\\Coding\\HomeMatch_VSCode\\homematch-v2\\__tests__\\fixtures\\utils.ts",
                    "column": 17,
                    "line": 110
                  }
                }
              ],
              "status": "unexpected"
            }
          ],
          "id": "73f78b65a2dd0075f575-0217cf872da1e50c72d9",
          "file": "fixtures-complete.spec.ts",
          "line": 41,
          "column": 5
        },
        {
          "title": "Complete Fixtures - should work with form validation",
          "ok": true,
          "tags": [],
          "tests": [
            {
              "timeout": 30000,
              "annotations": [],
              "expectedStatus": "passed",
              "projectId": "firefox",
              "projectName": "firefox",
              "results": [
                {
                  "workerIndex": 22,
                  "parallelIndex": 0,
                  "status": "passed",
                  "duration": 4470,
                  "errors": [],
                  "stdout": [
                    {
                      "text": "\u001b[36m[2025-07-31T05:34:35.186Z] [INFO] [STEP]\u001b[0m Starting test: Complete Fixtures - should work with form validation\n"
                    },
                    {
                      "text": "\u001b[36m[2025-07-31T05:34:35.188Z] [INFO] [STEP]\u001b[0m Testing form validation flow\n"
                    },
                    {
                      "text": "\u001b[36m[2025-07-31T05:34:38.316Z] [INFO] [STEP]\u001b[0m Form validation test completed\n"
                    },
                    {
                      "text": "\u001b[36m[2025-07-31T05:34:38.317Z] [INFO] [TEST_COMPLETE]\u001b[0m Test passed: Complete Fixtures - should work with form validation\n"
                    },
                    {
                      "text": "\u001b[36m  Data:\u001b[0m { duration: \u001b[33m4457\u001b[39m, status: \u001b[32m'passed'\u001b[39m, errors: \u001b[33m0\u001b[39m }\n"
                    }
                  ],
                  "stderr": [],
                  "retry": 0,
                  "startTime": "2025-07-31T05:34:33.253Z",
                  "annotations": [],
                  "attachments": []
                }
              ],
              "status": "expected"
            }
          ],
          "id": "73f78b65a2dd0075f575-50961169255d62b650b2",
          "file": "fixtures-complete.spec.ts",
          "line": 77,
          "column": 5
        },
        {
          "title": "Complete Fixtures - should authenticate user with all fixtures",
          "ok": false,
          "tags": [],
          "tests": [
            {
              "timeout": 30000,
              "annotations": [],
              "expectedStatus": "passed",
              "projectId": "webkit",
              "projectName": "webkit",
              "results": [
                {
                  "workerIndex": 17,
                  "parallelIndex": 4,
                  "status": "failed",
                  "duration": 16815,
                  "error": {
                    "message": "Error: Failed to authenticate user test1@example.com: URL did not match expected pattern",
                    "stack": "Error: Failed to authenticate user test1@example.com: URL did not match expected pattern\n    at Object.waitForAuthRedirect (C:\\Coding\\HomeMatch_VSCode\\homematch-v2\\__tests__\\fixtures\\utils.ts:110:17)\n    at Object.login (C:\\Coding\\HomeMatch_VSCode\\homematch-v2\\__tests__\\fixtures\\auth.ts:61:11)\n    at C:\\Coding\\HomeMatch_VSCode\\homematch-v2\\__tests__\\e2e\\fixtures-complete.spec.ts:26:3",
                    "location": {
                      "file": "C:\\Coding\\HomeMatch_VSCode\\homematch-v2\\__tests__\\fixtures\\utils.ts",
                      "column": 17,
                      "line": 110
                    },
                    "snippet": "\u001b[90m   at \u001b[39m..\\fixtures\\utils.ts:110\n\n\u001b[0m \u001b[90m 108 |\u001b[39m           }\n \u001b[90m 109 |\u001b[39m           \n\u001b[31m\u001b[1m>\u001b[22m\u001b[39m\u001b[90m 110 |\u001b[39m           \u001b[36mthrow\u001b[39m \u001b[36mnew\u001b[39m \u001b[33mError\u001b[39m(\u001b[32m`${errorMessage}: URL did not match expected pattern`\u001b[39m)\n \u001b[90m     |\u001b[39m                 \u001b[31m\u001b[1m^\u001b[22m\u001b[39m\n \u001b[90m 111 |\u001b[39m         }\n \u001b[90m 112 |\u001b[39m       }\n \u001b[90m 113 |\u001b[39m     }\u001b[0m"
                  },
                  "errors": [
                    {
                      "location": {
                        "file": "C:\\Coding\\HomeMatch_VSCode\\homematch-v2\\__tests__\\fixtures\\utils.ts",
                        "column": 17,
                        "line": 110
                      },
                      "message": "Error: Failed to authenticate user test1@example.com: URL did not match expected pattern\n\n   at ..\\fixtures\\utils.ts:110\n\n  108 |           }\n  109 |           \n> 110 |           throw new Error(`${errorMessage}: URL did not match expected pattern`)\n      |                 ^\n  111 |         }\n  112 |       }\n  113 |     }\n    at Object.waitForAuthRedirect (C:\\Coding\\HomeMatch_VSCode\\homematch-v2\\__tests__\\fixtures\\utils.ts:110:17)\n    at Object.login (C:\\Coding\\HomeMatch_VSCode\\homematch-v2\\__tests__\\fixtures\\auth.ts:61:11)\n    at C:\\Coding\\HomeMatch_VSCode\\homematch-v2\\__tests__\\e2e\\fixtures-complete.spec.ts:26:3"
                    }
                  ],
                  "stdout": [
                    {
                      "text": "\u001b[36m[2025-07-31T05:34:16.108Z] [INFO] [STEP]\u001b[0m Starting test: Complete Fixtures - should authenticate user with all fixtures\n"
                    },
                    {
                      "text": "\u001b[36m[2025-07-31T05:34:16.111Z] [INFO] [STEP]\u001b[0m Starting comprehensive fixture test\n"
                    },
                    {
                      "text": "\u001b[36m[2025-07-31T05:34:18.184Z] [INFO] [STEP]\u001b[0m Testing authentication flow\n"
                    },
                    {
                      "text": "\u001b[31m[2025-07-31T05:34:22.714Z] [ERROR] [CONSOLE]\u001b[0m Failed to load resource: the server responded with a status of 400 ()\n"
                    },
                    {
                      "text": "\u001b[31m  Data:\u001b[0m {\n  location: {\n    url: \u001b[32m'https://lpwlbbowavozpywnpamn.supabase.co/auth/v1/token?grant_type=password'\u001b[39m,\n    lineNumber: \u001b[33m0\u001b[39m,\n    columnNumber: \u001b[33m0\u001b[39m\n  }\n}\n"
                    },
                    {
                      "text": "\u001b[36m[2025-07-31T05:34:32.418Z] [INFO] [TEST_COMPLETE]\u001b[0m Test failed: Complete Fixtures - should authenticate user with all fixtures\n"
                    },
                    {
                      "text": "\u001b[36m  Data:\u001b[0m { duration: \u001b[33m16602\u001b[39m, status: \u001b[32m'failed'\u001b[39m, errors: \u001b[33m1\u001b[39m }\n"
                    },
                    {
                      "text": "ðŸ“Š Test failure logs saved\n"
                    },
                    {
                      "text": "{\n  \"total\": 5,\n  \"byLevel\": {\n    \"info\": 4,\n    \"warn\": 0,\n    \"error\": 1,\n    \"debug\": 0\n  },\n  \"byCategory\": {\n    \"STEP\": 3,\n    \"CONSOLE\": 1,\n    \"TEST_COMPLETE\": 1\n  }\n}\n"
                    }
                  ],
                  "stderr": [],
                  "retry": 0,
                  "startTime": "2025-07-31T05:34:15.742Z",
                  "annotations": [],
                  "attachments": [
                    {
                      "name": "error-context",
                      "contentType": "text/markdown",
                      "path": "C:\\Coding\\HomeMatch_VSCode\\homematch-v2\\test-results\\fixtures-complete-Complete-fb41c-cate-user-with-all-fixtures-webkit\\error-context.md"
                    }
                  ],
                  "errorLocation": {
                    "file": "C:\\Coding\\HomeMatch_VSCode\\homematch-v2\\__tests__\\fixtures\\utils.ts",
                    "column": 17,
                    "line": 110
                  }
                }
              ],
              "status": "unexpected"
            }
          ],
          "id": "73f78b65a2dd0075f575-006d1a9f915c3c0203a1",
          "file": "fixtures-complete.spec.ts",
          "line": 8,
          "column": 5
        },
        {
          "title": "Complete Fixtures - should handle errors gracefully",
          "ok": false,
          "tags": [],
          "tests": [
            {
              "timeout": 30000,
              "annotations": [],
              "expectedStatus": "passed",
              "projectId": "webkit",
              "projectName": "webkit",
              "results": [
                {
                  "workerIndex": 23,
                  "parallelIndex": 1,
                  "status": "failed",
                  "duration": 14199,
                  "error": {
                    "message": "Error: Failed to redirect after authentication: URL did not match expected pattern",
                    "stack": "Error: Failed to redirect after authentication: URL did not match expected pattern\n    at Object.waitForAuthRedirect (C:\\Coding\\HomeMatch_VSCode\\homematch-v2\\__tests__\\fixtures\\utils.ts:110:17)\n    at C:\\Coding\\HomeMatch_VSCode\\homematch-v2\\__tests__\\e2e\\fixtures-complete.spec.ts:69:5\n    at Object.retry (C:\\Coding\\HomeMatch_VSCode\\homematch-v2\\__tests__\\fixtures\\retry.ts:35:20)\n    at C:\\Coding\\HomeMatch_VSCode\\homematch-v2\\__tests__\\e2e\\fixtures-complete.spec.ts:55:3",
                    "location": {
                      "file": "C:\\Coding\\HomeMatch_VSCode\\homematch-v2\\__tests__\\fixtures\\utils.ts",
                      "column": 17,
                      "line": 110
                    },
                    "snippet": "\u001b[90m   at \u001b[39m..\\fixtures\\utils.ts:110\n\n\u001b[0m \u001b[90m 108 |\u001b[39m           }\n \u001b[90m 109 |\u001b[39m           \n\u001b[31m\u001b[1m>\u001b[22m\u001b[39m\u001b[90m 110 |\u001b[39m           \u001b[36mthrow\u001b[39m \u001b[36mnew\u001b[39m \u001b[33mError\u001b[39m(\u001b[32m`${errorMessage}: URL did not match expected pattern`\u001b[39m)\n \u001b[90m     |\u001b[39m                 \u001b[31m\u001b[1m^\u001b[22m\u001b[39m\n \u001b[90m 111 |\u001b[39m         }\n \u001b[90m 112 |\u001b[39m       }\n \u001b[90m 113 |\u001b[39m     }\u001b[0m"
                  },
                  "errors": [
                    {
                      "location": {
                        "file": "C:\\Coding\\HomeMatch_VSCode\\homematch-v2\\__tests__\\fixtures\\utils.ts",
                        "column": 17,
                        "line": 110
                      },
                      "message": "Error: Failed to redirect after authentication: URL did not match expected pattern\n\n   at ..\\fixtures\\utils.ts:110\n\n  108 |           }\n  109 |           \n> 110 |           throw new Error(`${errorMessage}: URL did not match expected pattern`)\n      |                 ^\n  111 |         }\n  112 |       }\n  113 |     }\n    at Object.waitForAuthRedirect (C:\\Coding\\HomeMatch_VSCode\\homematch-v2\\__tests__\\fixtures\\utils.ts:110:17)\n    at C:\\Coding\\HomeMatch_VSCode\\homematch-v2\\__tests__\\e2e\\fixtures-complete.spec.ts:69:5\n    at Object.retry (C:\\Coding\\HomeMatch_VSCode\\homematch-v2\\__tests__\\fixtures\\retry.ts:35:20)\n    at C:\\Coding\\HomeMatch_VSCode\\homematch-v2\\__tests__\\e2e\\fixtures-complete.spec.ts:55:3"
                    }
                  ],
                  "stdout": [
                    {
                      "text": "\u001b[36m[2025-07-31T05:34:33.970Z] [INFO] [STEP]\u001b[0m Starting test: Complete Fixtures - should handle errors gracefully\n"
                    },
                    {
                      "text": "\u001b[36m[2025-07-31T05:34:33.973Z] [INFO] [STEP]\u001b[0m Testing error handling with retry\n"
                    },
                    {
                      "text": "\u001b[31m[2025-07-31T05:34:38.112Z] [ERROR] [CONSOLE]\u001b[0m Failed to load resource: the server responded with a status of 400 ()\n"
                    },
                    {
                      "text": "\u001b[31m  Data:\u001b[0m {\n  location: {\n    url: \u001b[32m'https://lpwlbbowavozpywnpamn.supabase.co/auth/v1/token?grant_type=password'\u001b[39m,\n    lineNumber: \u001b[33m0\u001b[39m,\n    columnNumber: \u001b[33m0\u001b[39m\n  }\n}\n"
                    },
                    {
                      "text": "\u001b[36m[2025-07-31T05:34:47.904Z] [INFO] [TEST_COMPLETE]\u001b[0m Test failed: Complete Fixtures - should handle errors gracefully\n"
                    },
                    {
                      "text": "\u001b[36m  Data:\u001b[0m { duration: \u001b[33m14140\u001b[39m, status: \u001b[32m'failed'\u001b[39m, errors: \u001b[33m1\u001b[39m }\n"
                    },
                    {
                      "text": "ðŸ“Š Test failure logs saved\n"
                    },
                    {
                      "text": "{\n  \"total\": 4,\n  \"byLevel\": {\n    \"info\": 3,\n    \"warn\": 0,\n    \"error\": 1,\n    \"debug\": 0\n  },\n  \"byCategory\": {\n    \"STEP\": 2,\n    \"CONSOLE\": 1,\n    \"TEST_COMPLETE\": 1\n  }\n}\n"
                    }
                  ],
                  "stderr": [],
                  "retry": 0,
                  "startTime": "2025-07-31T05:34:33.708Z",
                  "annotations": [],
                  "attachments": [
                    {
                      "name": "error-context",
                      "contentType": "text/markdown",
                      "path": "C:\\Coding\\HomeMatch_VSCode\\homematch-v2\\test-results\\fixtures-complete-Complete-e028a-ld-handle-errors-gracefully-webkit\\error-context.md"
                    }
                  ],
                  "errorLocation": {
                    "file": "C:\\Coding\\HomeMatch_VSCode\\homematch-v2\\__tests__\\fixtures\\utils.ts",
                    "column": 17,
                    "line": 110
                  }
                }
              ],
              "status": "unexpected"
            }
          ],
          "id": "73f78b65a2dd0075f575-7e445433e3cac80dfeb8",
          "file": "fixtures-complete.spec.ts",
          "line": 41,
          "column": 5
        },
        {
          "title": "Complete Fixtures - should work with form validation",
          "ok": true,
          "tags": [],
          "tests": [
            {
              "timeout": 30000,
              "annotations": [],
              "expectedStatus": "passed",
              "projectId": "webkit",
              "projectName": "webkit",
              "results": [
                {
                  "workerIndex": 25,
                  "parallelIndex": 1,
                  "status": "passed",
                  "duration": 3277,
                  "errors": [],
                  "stdout": [
                    {
                      "text": "\u001b[36m[2025-07-31T05:34:49.155Z] [INFO] [STEP]\u001b[0m Starting test: Complete Fixtures - should work with form validation\n"
                    },
                    {
                      "text": "\u001b[36m[2025-07-31T05:34:49.156Z] [INFO] [STEP]\u001b[0m Testing form validation flow\n"
                    },
                    {
                      "text": "\u001b[36m[2025-07-31T05:34:52.227Z] [INFO] [STEP]\u001b[0m Form validation test completed\n"
                    },
                    {
                      "text": "\u001b[36m[2025-07-31T05:34:52.228Z] [INFO] [TEST_COMPLETE]\u001b[0m Test passed: Complete Fixtures - should work with form validation\n"
                    },
                    {
                      "text": "\u001b[36m  Data:\u001b[0m { duration: \u001b[33m3266\u001b[39m, status: \u001b[32m'passed'\u001b[39m, errors: \u001b[33m0\u001b[39m }\n"
                    }
                  ],
                  "stderr": [],
                  "retry": 0,
                  "startTime": "2025-07-31T05:34:48.911Z",
                  "annotations": [],
                  "attachments": []
                }
              ],
              "status": "expected"
            }
          ],
          "id": "73f78b65a2dd0075f575-0032e547d3fd0c3bb1ed",
          "file": "fixtures-complete.spec.ts",
          "line": 77,
          "column": 5
        }
      ]
    },
    {
      "title": "fixtures-test.spec.ts",
      "file": "fixtures-test.spec.ts",
      "column": 0,
      "line": 0,
      "specs": [
        {
          "title": "Basic Fixtures - should load page and use utils",
          "ok": true,
          "tags": [],
          "tests": [
            {
              "timeout": 30000,
              "annotations": [],
              "expectedStatus": "passed",
              "projectId": "chromium",
              "projectName": "chromium",
              "results": [
                {
                  "workerIndex": 3,
                  "parallelIndex": 3,
                  "status": "passed",
                  "duration": 2414,
                  "errors": [],
                  "stdout": [
                    {
                      "text": "\u001b[36m[2025-07-31T05:33:52.316Z] [INFO] [STEP]\u001b[0m Starting test: Basic Fixtures - should load page and use utils\n"
                    },
                    {
                      "text": "\u001b[36m[2025-07-31T05:33:52.321Z] [INFO] [STEP]\u001b[0m Testing basic page load and utils\n"
                    },
                    {
                      "text": "\u001b[36m[2025-07-31T05:33:54.464Z] [INFO] [STEP]\u001b[0m Basic page load test completed\n"
                    },
                    {
                      "text": "\u001b[36m[2025-07-31T05:33:54.466Z] [INFO] [TEST_COMPLETE]\u001b[0m Test passed: Basic Fixtures - should load page and use utils\n"
                    },
                    {
                      "text": "\u001b[36m  Data:\u001b[0m { duration: \u001b[33m2400\u001b[39m, status: \u001b[32m'passed'\u001b[39m, errors: \u001b[33m0\u001b[39m }\n"
                    }
                  ],
                  "stderr": [],
                  "retry": 0,
                  "startTime": "2025-07-31T05:33:51.874Z",
                  "annotations": [],
                  "attachments": []
                }
              ],
              "status": "expected"
            }
          ],
          "id": "5d1e18b6e2b67346bdb7-12b682b611eaa49b4629",
          "file": "fixtures-test.spec.ts",
          "line": 8,
          "column": 5
        },
        {
          "title": "Basic Fixtures - should handle navigation with retry",
          "ok": true,
          "tags": [],
          "tests": [
            {
              "timeout": 30000,
              "annotations": [],
              "expectedStatus": "passed",
              "projectId": "chromium",
              "projectName": "chromium",
              "results": [
                {
                  "workerIndex": 3,
                  "parallelIndex": 3,
                  "status": "passed",
                  "duration": 3027,
                  "errors": [],
                  "stdout": [
                    {
                      "text": "\u001b[36m[2025-07-31T05:33:54.784Z] [INFO] [STEP]\u001b[0m Starting test: Basic Fixtures - should handle navigation with retry\n"
                    },
                    {
                      "text": "\u001b[36m[2025-07-31T05:33:54.784Z] [INFO] [STEP]\u001b[0m Testing navigation with retry\n"
                    },
                    {
                      "text": "\u001b[36m[2025-07-31T05:33:57.508Z] [INFO] [STEP]\u001b[0m Navigation retry test completed\n"
                    },
                    {
                      "text": "\u001b[36m[2025-07-31T05:33:57.510Z] [INFO] [TEST_COMPLETE]\u001b[0m Test passed: Basic Fixtures - should handle navigation with retry\n"
                    },
                    {
                      "text": "\u001b[36m  Data:\u001b[0m { duration: \u001b[33m3019\u001b[39m, status: \u001b[32m'passed'\u001b[39m, errors: \u001b[33m0\u001b[39m }\n"
                    }
                  ],
                  "stderr": [],
                  "retry": 0,
                  "startTime": "2025-07-31T05:33:54.484Z",
                  "annotations": [],
                  "attachments": []
                }
              ],
              "status": "expected"
            }
          ],
          "id": "5d1e18b6e2b67346bdb7-e1ac54819cc0530a56a9",
          "file": "fixtures-test.spec.ts",
          "line": 25,
          "column": 5
        },
        {
          "title": "Basic Fixtures - should check authentication state",
          "ok": true,
          "tags": [],
          "tests": [
            {
              "timeout": 30000,
              "annotations": [],
              "expectedStatus": "passed",
              "projectId": "chromium",
              "projectName": "chromium",
              "results": [
                {
                  "workerIndex": 3,
                  "parallelIndex": 3,
                  "status": "passed",
                  "duration": 572,
                  "errors": [],
                  "stdout": [
                    {
                      "text": "\u001b[36m[2025-07-31T05:33:57.598Z] [INFO] [STEP]\u001b[0m Starting test: Basic Fixtures - should check authentication state\n"
                    },
                    {
                      "text": "\u001b[36m[2025-07-31T05:33:57.599Z] [INFO] [STEP]\u001b[0m Testing authentication state check\n"
                    },
                    {
                      "text": "\u001b[36m[2025-07-31T05:33:58.078Z] [INFO] [STEP]\u001b[0m Authentication state test completed\n"
                    },
                    {
                      "text": "\u001b[36m[2025-07-31T05:33:58.079Z] [INFO] [TEST_COMPLETE]\u001b[0m Test passed: Basic Fixtures - should check authentication state\n"
                    },
                    {
                      "text": "\u001b[36m  Data:\u001b[0m { duration: \u001b[33m551\u001b[39m, status: \u001b[32m'passed'\u001b[39m, errors: \u001b[33m0\u001b[39m }\n"
                    }
                  ],
                  "stderr": [],
                  "retry": 0,
                  "startTime": "2025-07-31T05:33:57.521Z",
                  "annotations": [],
                  "attachments": []
                }
              ],
              "status": "expected"
            }
          ],
          "id": "5d1e18b6e2b67346bdb7-c2f3b1f3ac2d64e2d4e1",
          "file": "fixtures-test.spec.ts",
          "line": 40,
          "column": 5
        },
        {
          "title": "Basic Fixtures - should load page and use utils",
          "ok": true,
          "tags": [],
          "tests": [
            {
              "timeout": 30000,
              "annotations": [],
              "expectedStatus": "passed",
              "projectId": "firefox",
              "projectName": "firefox",
              "results": [
                {
                  "workerIndex": 8,
                  "parallelIndex": 3,
                  "status": "passed",
                  "duration": 2569,
                  "errors": [],
                  "stdout": [
                    {
                      "text": "\u001b[36m[2025-07-31T05:34:01.017Z] [INFO] [STEP]\u001b[0m Starting test: Basic Fixtures - should load page and use utils\n"
                    },
                    {
                      "text": "\u001b[36m[2025-07-31T05:34:01.019Z] [INFO] [STEP]\u001b[0m Testing basic page load and utils\n"
                    },
                    {
                      "text": "\u001b[36m[2025-07-31T05:34:02.695Z] [INFO] [STEP]\u001b[0m Basic page load test completed\n"
                    },
                    {
                      "text": "\u001b[36m[2025-07-31T05:34:02.696Z] [INFO] [TEST_COMPLETE]\u001b[0m Test passed: Basic Fixtures - should load page and use utils\n"
                    },
                    {
                      "text": "\u001b[36m  Data:\u001b[0m { duration: \u001b[33m2559\u001b[39m, status: \u001b[32m'passed'\u001b[39m, errors: \u001b[33m0\u001b[39m }\n"
                    }
                  ],
                  "stderr": [],
                  "retry": 0,
                  "startTime": "2025-07-31T05:33:59.627Z",
                  "annotations": [],
                  "attachments": []
                }
              ],
              "status": "expected"
            }
          ],
          "id": "5d1e18b6e2b67346bdb7-bae46d86782fa23fedc5",
          "file": "fixtures-test.spec.ts",
          "line": 8,
          "column": 5
        },
        {
          "title": "Basic Fixtures - should handle navigation with retry",
          "ok": true,
          "tags": [],
          "tests": [
            {
              "timeout": 30000,
              "annotations": [],
              "expectedStatus": "passed",
              "projectId": "firefox",
              "projectName": "firefox",
              "results": [
                {
                  "workerIndex": 8,
                  "parallelIndex": 3,
                  "status": "passed",
                  "duration": 2013,
                  "errors": [],
                  "stdout": [
                    {
                      "text": "\u001b[36m[2025-07-31T05:34:02.968Z] [INFO] [STEP]\u001b[0m Starting test: Basic Fixtures - should handle navigation with retry\n"
                    },
                    {
                      "text": "\u001b[36m[2025-07-31T05:34:02.968Z] [INFO] [STEP]\u001b[0m Testing navigation with retry\n"
                    },
                    {
                      "text": "\u001b[36m[2025-07-31T05:34:04.719Z] [INFO] [STEP]\u001b[0m Navigation retry test completed\n"
                    },
                    {
                      "text": "\u001b[36m[2025-07-31T05:34:04.720Z] [INFO] [TEST_COMPLETE]\u001b[0m Test passed: Basic Fixtures - should handle navigation with retry\n"
                    },
                    {
                      "text": "\u001b[36m  Data:\u001b[0m { duration: \u001b[33m2006\u001b[39m, status: \u001b[32m'passed'\u001b[39m, errors: \u001b[33m0\u001b[39m }\n"
                    }
                  ],
                  "stderr": [],
                  "retry": 0,
                  "startTime": "2025-07-31T05:34:02.708Z",
                  "annotations": [],
                  "attachments": []
                }
              ],
              "status": "expected"
            }
          ],
          "id": "5d1e18b6e2b67346bdb7-91ec6b7668b5b8ac2d29",
          "file": "fixtures-test.spec.ts",
          "line": 25,
          "column": 5
        },
        {
          "title": "Basic Fixtures - should check authentication state",
          "ok": true,
          "tags": [],
          "tests": [
            {
              "timeout": 30000,
              "annotations": [],
              "expectedStatus": "passed",
              "projectId": "firefox",
              "projectName": "firefox",
              "results": [
                {
                  "workerIndex": 8,
                  "parallelIndex": 3,
                  "status": "passed",
                  "duration": 540,
                  "errors": [],
                  "stdout": [
                    {
                      "text": "\u001b[36m[2025-07-31T05:34:04.883Z] [INFO] [STEP]\u001b[0m Starting test: Basic Fixtures - should check authentication state\n"
                    },
                    {
                      "text": "\u001b[36m[2025-07-31T05:34:04.883Z] [INFO] [STEP]\u001b[0m Testing authentication state check\n"
                    },
                    {
                      "text": "\u001b[36m[2025-07-31T05:34:05.259Z] [INFO] [STEP]\u001b[0m Authentication state test completed\n"
                    },
                    {
                      "text": "\u001b[36m[2025-07-31T05:34:05.259Z] [INFO] [TEST_COMPLETE]\u001b[0m Test passed: Basic Fixtures - should check authentication state\n"
                    },
                    {
                      "text": "\u001b[36m  Data:\u001b[0m { duration: \u001b[33m528\u001b[39m, status: \u001b[32m'passed'\u001b[39m, errors: \u001b[33m0\u001b[39m }\n"
                    }
                  ],
                  "stderr": [],
                  "retry": 0,
                  "startTime": "2025-07-31T05:34:04.727Z",
                  "annotations": [],
                  "attachments": []
                }
              ],
              "status": "expected"
            }
          ],
          "id": "5d1e18b6e2b67346bdb7-329a5bd2d139a593ae8d",
          "file": "fixtures-test.spec.ts",
          "line": 40,
          "column": 5
        },
        {
          "title": "Basic Fixtures - should load page and use utils",
          "ok": true,
          "tags": [],
          "tests": [
            {
              "timeout": 30000,
              "annotations": [],
              "expectedStatus": "passed",
              "projectId": "webkit",
              "projectName": "webkit",
              "results": [
                {
                  "workerIndex": 14,
                  "parallelIndex": 6,
                  "status": "passed",
                  "duration": 1539,
                  "errors": [],
                  "stdout": [
                    {
                      "text": "\u001b[36m[2025-07-31T05:34:26.807Z] [INFO] [STEP]\u001b[0m Starting test: Basic Fixtures - should load page and use utils\n"
                    },
                    {
                      "text": "\u001b[36m[2025-07-31T05:34:26.807Z] [INFO] [STEP]\u001b[0m Testing basic page load and utils\n"
                    },
                    {
                      "text": "\u001b[36m[2025-07-31T05:34:28.186Z] [INFO] [STEP]\u001b[0m Basic page load test completed\n"
                    },
                    {
                      "text": "\u001b[36m[2025-07-31T05:34:28.187Z] [INFO] [TEST_COMPLETE]\u001b[0m Test passed: Basic Fixtures - should load page and use utils\n"
                    },
                    {
                      "text": "\u001b[36m  Data:\u001b[0m { duration: \u001b[33m1526\u001b[39m, status: \u001b[32m'passed'\u001b[39m, errors: \u001b[33m0\u001b[39m }\n"
                    }
                  ],
                  "stderr": [],
                  "retry": 0,
                  "startTime": "2025-07-31T05:34:26.657Z",
                  "annotations": [],
                  "attachments": []
                }
              ],
              "status": "expected"
            }
          ],
          "id": "5d1e18b6e2b67346bdb7-22083155057a22541e40",
          "file": "fixtures-test.spec.ts",
          "line": 8,
          "column": 5
        },
        {
          "title": "Basic Fixtures - should handle navigation with retry",
          "ok": true,
          "tags": [],
          "tests": [
            {
              "timeout": 30000,
              "annotations": [],
              "expectedStatus": "passed",
              "projectId": "webkit",
              "projectName": "webkit",
              "results": [
                {
                  "workerIndex": 14,
                  "parallelIndex": 6,
                  "status": "passed",
                  "duration": 2559,
                  "errors": [],
                  "stdout": [
                    {
                      "text": "\u001b[36m[2025-07-31T05:34:28.644Z] [INFO] [STEP]\u001b[0m Starting test: Basic Fixtures - should handle navigation with retry\n"
                    },
                    {
                      "text": "\u001b[36m[2025-07-31T05:34:28.645Z] [INFO] [STEP]\u001b[0m Testing navigation with retry\n"
                    },
                    {
                      "text": "\u001b[36m[2025-07-31T05:34:30.753Z] [INFO] [STEP]\u001b[0m Navigation retry test completed\n"
                    },
                    {
                      "text": "\u001b[36m[2025-07-31T05:34:30.754Z] [INFO] [TEST_COMPLETE]\u001b[0m Test passed: Basic Fixtures - should handle navigation with retry\n"
                    },
                    {
                      "text": "\u001b[36m  Data:\u001b[0m { duration: \u001b[33m2547\u001b[39m, status: \u001b[32m'passed'\u001b[39m, errors: \u001b[33m0\u001b[39m }\n"
                    }
                  ],
                  "stderr": [],
                  "retry": 0,
                  "startTime": "2025-07-31T05:34:28.202Z",
                  "annotations": [],
                  "attachments": []
                }
              ],
              "status": "expected"
            }
          ],
          "id": "5d1e18b6e2b67346bdb7-2bfbedad075e97a4e434",
          "file": "fixtures-test.spec.ts",
          "line": 25,
          "column": 5
        },
        {
          "title": "Basic Fixtures - should check authentication state",
          "ok": true,
          "tags": [],
          "tests": [
            {
              "timeout": 30000,
              "annotations": [],
              "expectedStatus": "passed",
              "projectId": "webkit",
              "projectName": "webkit",
              "results": [
                {
                  "workerIndex": 14,
                  "parallelIndex": 6,
                  "status": "passed",
                  "duration": 693,
                  "errors": [],
                  "stdout": [
                    {
                      "text": "\u001b[36m[2025-07-31T05:34:30.972Z] [INFO] [STEP]\u001b[0m Starting test: Basic Fixtures - should check authentication state\n"
                    },
                    {
                      "text": "\u001b[36m[2025-07-31T05:34:30.972Z] [INFO] [STEP]\u001b[0m Testing authentication state check\n"
                    },
                    {
                      "text": "\u001b[36m[2025-07-31T05:34:31.452Z] [INFO] [STEP]\u001b[0m Authentication state test completed\n"
                    },
                    {
                      "text": "\u001b[36m[2025-07-31T05:34:31.453Z] [INFO] [TEST_COMPLETE]\u001b[0m Test passed: Basic Fixtures - should check authentication state\n"
                    },
                    {
                      "text": "\u001b[36m  Data:\u001b[0m { duration: \u001b[33m680\u001b[39m, status: \u001b[32m'passed'\u001b[39m, errors: \u001b[33m0\u001b[39m }\n"
                    }
                  ],
                  "stderr": [],
                  "retry": 0,
                  "startTime": "2025-07-31T05:34:30.767Z",
                  "annotations": [],
                  "attachments": []
                }
              ],
              "status": "expected"
            }
          ],
          "id": "5d1e18b6e2b67346bdb7-593acf7eeec6ad1b02c7",
          "file": "fixtures-test.spec.ts",
          "line": 40,
          "column": 5
        }
      ]
    },
    {
      "title": "fixtures-validation.spec.ts",
      "file": "fixtures-validation.spec.ts",
      "column": 0,
      "line": 0,
      "specs": [
        {
          "title": "Fixtures Validation - complete E2E flow with all fixtures",
          "ok": false,
          "tags": [],
          "tests": [
            {
              "timeout": 30000,
              "annotations": [],
              "expectedStatus": "passed",
              "projectId": "chromium",
              "projectName": "chromium",
              "results": [
                {
                  "workerIndex": 4,
                  "parallelIndex": 4,
                  "status": "failed",
                  "duration": 15538,
                  "error": {
                    "message": "Error: Failed to authenticate user test1@example.com: URL did not match expected pattern",
                    "stack": "Error: Failed to authenticate user test1@example.com: URL did not match expected pattern\n    at Object.waitForAuthRedirect (C:\\Coding\\HomeMatch_VSCode\\homematch-v2\\__tests__\\fixtures\\utils.ts:110:17)\n    at Object.login (C:\\Coding\\HomeMatch_VSCode\\homematch-v2\\__tests__\\fixtures\\auth.ts:61:11)\n    at C:\\Coding\\HomeMatch_VSCode\\homematch-v2\\__tests__\\e2e\\fixtures-validation.spec.ts:48:5\n    at Object.retry (C:\\Coding\\HomeMatch_VSCode\\homematch-v2\\__tests__\\fixtures\\retry.ts:35:20)\n    at C:\\Coding\\HomeMatch_VSCode\\homematch-v2\\__tests__\\e2e\\fixtures-validation.spec.ts:46:3",
                    "location": {
                      "file": "C:\\Coding\\HomeMatch_VSCode\\homematch-v2\\__tests__\\fixtures\\utils.ts",
                      "column": 17,
                      "line": 110
                    },
                    "snippet": "\u001b[90m   at \u001b[39m..\\fixtures\\utils.ts:110\n\n\u001b[0m \u001b[90m 108 |\u001b[39m           }\n \u001b[90m 109 |\u001b[39m           \n\u001b[31m\u001b[1m>\u001b[22m\u001b[39m\u001b[90m 110 |\u001b[39m           \u001b[36mthrow\u001b[39m \u001b[36mnew\u001b[39m \u001b[33mError\u001b[39m(\u001b[32m`${errorMessage}: URL did not match expected pattern`\u001b[39m)\n \u001b[90m     |\u001b[39m                 \u001b[31m\u001b[1m^\u001b[22m\u001b[39m\n \u001b[90m 111 |\u001b[39m         }\n \u001b[90m 112 |\u001b[39m       }\n \u001b[90m 113 |\u001b[39m     }\u001b[0m"
                  },
                  "errors": [
                    {
                      "location": {
                        "file": "C:\\Coding\\HomeMatch_VSCode\\homematch-v2\\__tests__\\fixtures\\utils.ts",
                        "column": 17,
                        "line": 110
                      },
                      "message": "Error: Failed to authenticate user test1@example.com: URL did not match expected pattern\n\n   at ..\\fixtures\\utils.ts:110\n\n  108 |           }\n  109 |           \n> 110 |           throw new Error(`${errorMessage}: URL did not match expected pattern`)\n      |                 ^\n  111 |         }\n  112 |       }\n  113 |     }\n    at Object.waitForAuthRedirect (C:\\Coding\\HomeMatch_VSCode\\homematch-v2\\__tests__\\fixtures\\utils.ts:110:17)\n    at Object.login (C:\\Coding\\HomeMatch_VSCode\\homematch-v2\\__tests__\\fixtures\\auth.ts:61:11)\n    at C:\\Coding\\HomeMatch_VSCode\\homematch-v2\\__tests__\\e2e\\fixtures-validation.spec.ts:48:5\n    at Object.retry (C:\\Coding\\HomeMatch_VSCode\\homematch-v2\\__tests__\\fixtures\\retry.ts:35:20)\n    at C:\\Coding\\HomeMatch_VSCode\\homematch-v2\\__tests__\\e2e\\fixtures-validation.spec.ts:46:3"
                    }
                  ],
                  "stdout": [
                    {
                      "text": "\u001b[36m[2025-07-31T05:33:52.312Z] [INFO] [STEP]\u001b[0m Starting test: Fixtures Validation - complete E2E flow with all fixtures\n"
                    },
                    {
                      "text": "\u001b[36m[2025-07-31T05:33:52.315Z] [INFO] [STEP]\u001b[0m ðŸš€ Starting complete fixtures validation test\n"
                    },
                    {
                      "text": "\u001b[36m[2025-07-31T05:33:52.315Z] [INFO] [STEP]\u001b[0m Phase 1: Testing basic page operations\n"
                    },
                    {
                      "text": "\u001b[36m[2025-07-31T05:33:54.116Z] [INFO] [PAGE]\u001b[0m Home page loaded successfully\n"
                    },
                    {
                      "text": "\u001b[36m[2025-07-31T05:33:54.116Z] [INFO] [STEP]\u001b[0m Phase 2: Testing complete authentication flow\n"
                    },
                    {
                      "text": "\u001b[36m[2025-07-31T05:33:54.147Z] [INFO] [AUTH]\u001b[0m initial_check - success\n"
                    },
                    {
                      "text": "\u001b[36m  Data:\u001b[0m { authenticated: \u001b[33mfalse\u001b[39m }\n"
                    },
                    {
                      "text": "\u001b[36m[2025-07-31T05:33:54.148Z] [INFO] [STEP]\u001b[0m Attempting login with test user\n"
                    },
                    {
                      "text": "\u001b[31m[2025-07-31T05:33:57.766Z] [ERROR] [CONSOLE]\u001b[0m Failed to load resource: the server responded with a status of 400 ()\n"
                    },
                    {
                      "text": "\u001b[31m  Data:\u001b[0m {\n  location: {\n    url: \u001b[32m'https://lpwlbbowavozpywnpamn.supabase.co/auth/v1/token?grant_type=password'\u001b[39m,\n    lineNumber: \u001b[33m0\u001b[39m,\n    columnNumber: \u001b[33m0\u001b[39m\n  }\n}\n"
                    },
                    {
                      "text": "\u001b[36m[2025-07-31T05:34:07.547Z] [INFO] [TEST_COMPLETE]\u001b[0m Test failed: Fixtures Validation - complete E2E flow with all fixtures\n"
                    },
                    {
                      "text": "\u001b[36m  Data:\u001b[0m { duration: \u001b[33m15493\u001b[39m, status: \u001b[32m'failed'\u001b[39m, errors: \u001b[33m1\u001b[39m }\n"
                    },
                    {
                      "text": "ðŸ“Š Test failure logs saved\n"
                    },
                    {
                      "text": "{\n  \"total\": 9,\n  \"byLevel\": {\n    \"info\": 8,\n    \"warn\": 0,\n    \"error\": 1,\n    \"debug\": 0\n  },\n  \"byCategory\": {\n    \"STEP\": 5,\n    \"PAGE\": 1,\n    \"AUTH\": 1,\n    \"CONSOLE\": 1,\n    \"TEST_COMPLETE\": 1\n  }\n}\n"
                    }
                  ],
                  "stderr": [],
                  "retry": 0,
                  "startTime": "2025-07-31T05:33:51.865Z",
                  "annotations": [],
                  "attachments": [
                    {
                      "name": "error-context",
                      "contentType": "text/markdown",
                      "path": "C:\\Coding\\HomeMatch_VSCode\\homematch-v2\\test-results\\fixtures-validation-Fixtur-58bdb--E2E-flow-with-all-fixtures-chromium\\error-context.md"
                    }
                  ],
                  "errorLocation": {
                    "file": "C:\\Coding\\HomeMatch_VSCode\\homematch-v2\\__tests__\\fixtures\\utils.ts",
                    "column": 17,
                    "line": 110
                  }
                }
              ],
              "status": "unexpected"
            }
          ],
          "id": "aecf7bf3fc2faa852289-306c32d47026247f3b37",
          "file": "fixtures-validation.spec.ts",
          "line": 12,
          "column": 5
        },
        {
          "title": "Fixtures Validation - error handling and retry mechanisms",
          "ok": true,
          "tags": [],
          "tests": [
            {
              "timeout": 30000,
              "annotations": [],
              "expectedStatus": "passed",
              "projectId": "chromium",
              "projectName": "chromium",
              "results": [
                {
                  "workerIndex": 13,
                  "parallelIndex": 4,
                  "status": "passed",
                  "duration": 1102,
                  "errors": [],
                  "stdout": [
                    {
                      "text": "\u001b[36m[2025-07-31T05:34:09.965Z] [INFO] [STEP]\u001b[0m Starting test: Fixtures Validation - error handling and retry mechanisms\n"
                    },
                    {
                      "text": "\u001b[36m[2025-07-31T05:34:09.967Z] [INFO] [STEP]\u001b[0m ðŸ”§ Testing error handling and retry mechanisms\n"
                    },
                    {
                      "text": "\u001b[33m[2025-07-31T05:34:09.968Z] [WARN] [RETRY]\u001b[0m Attempt 1 failed: Simulated network failure\n"
                    },
                    {
                      "text": "\u001b[33m[2025-07-31T05:34:10.084Z] [WARN] [RETRY]\u001b[0m Attempt 2 failed: Simulated network failure\n"
                    },
                    {
                      "text": "\u001b[36m[2025-07-31T05:34:10.846Z] [INFO] [RETRY]\u001b[0m Retry mechanism working correctly\n"
                    },
                    {
                      "text": "\u001b[36m  Data:\u001b[0m { attempts: \u001b[33m3\u001b[39m }\n"
                    },
                    {
                      "text": "\u001b[36m[2025-07-31T05:34:10.894Z] [INFO] [STEP]\u001b[0m âœ… Error handling validation completed\n"
                    },
                    {
                      "text": "\u001b[36m[2025-07-31T05:34:10.896Z] [INFO] [TEST_COMPLETE]\u001b[0m Test passed: Fixtures Validation - error handling and retry mechanisms\n"
                    },
                    {
                      "text": "\u001b[36m  Data:\u001b[0m { duration: \u001b[33m1091\u001b[39m, status: \u001b[32m'passed'\u001b[39m, errors: \u001b[33m0\u001b[39m }\n"
                    }
                  ],
                  "stderr": [],
                  "retry": 0,
                  "startTime": "2025-07-31T05:34:09.591Z",
                  "annotations": [],
                  "attachments": []
                }
              ],
              "status": "expected"
            }
          ],
          "id": "aecf7bf3fc2faa852289-cedcb1e682f53b74321a",
          "file": "fixtures-validation.spec.ts",
          "line": 105,
          "column": 5
        },
        {
          "title": "Fixtures Validation - TypeScript integration and type safety",
          "ok": true,
          "tags": [],
          "tests": [
            {
              "timeout": 30000,
              "annotations": [],
              "expectedStatus": "passed",
              "projectId": "chromium",
              "projectName": "chromium",
              "results": [
                {
                  "workerIndex": 13,
                  "parallelIndex": 4,
                  "status": "passed",
                  "duration": 2954,
                  "errors": [],
                  "stdout": [
                    {
                      "text": "\u001b[36m[2025-07-31T05:34:10.981Z] [INFO] [STEP]\u001b[0m Starting test: Fixtures Validation - TypeScript integration and type safety\n"
                    },
                    {
                      "text": "\u001b[36m[2025-07-31T05:34:10.981Z] [INFO] [STEP]\u001b[0m ðŸ” Testing TypeScript integration and type safety\n"
                    },
                    {
                      "text": "\u001b[36m[2025-07-31T05:34:13.861Z] [INFO] [STEP]\u001b[0m Testing logger method signatures\n"
                    },
                    {
                      "text": "\u001b[36m[2025-07-31T05:34:13.861Z] [INFO] [TEST]\u001b[0m This is a test message\n"
                    },
                    {
                      "text": "\u001b[36m  Data:\u001b[0m { data: \u001b[32m'test'\u001b[39m }\n"
                    },
                    {
                      "text": "\u001b[33m[2025-07-31T05:34:13.862Z] [WARN] [TEST]\u001b[0m This is a warning\n"
                    },
                    {
                      "text": "\u001b[33m  Data:\u001b[0m { level: \u001b[32m'warn'\u001b[39m }\n"
                    },
                    {
                      "text": "\u001b[36m[2025-07-31T05:34:13.863Z] [INFO] [STEP]\u001b[0m âœ… TypeScript integration validation completed\n"
                    },
                    {
                      "text": "\u001b[36m[2025-07-31T05:34:13.864Z] [INFO] [TEST_COMPLETE]\u001b[0m Test passed: Fixtures Validation - TypeScript integration and type safety\n"
                    },
                    {
                      "text": "\u001b[36m  Data:\u001b[0m { duration: \u001b[33m2947\u001b[39m, status: \u001b[32m'passed'\u001b[39m, errors: \u001b[33m0\u001b[39m }\n"
                    }
                  ],
                  "stderr": [],
                  "retry": 0,
                  "startTime": "2025-07-31T05:34:10.910Z",
                  "annotations": [],
                  "attachments": []
                }
              ],
              "status": "expected"
            }
          ],
          "id": "aecf7bf3fc2faa852289-34292aea88000a6856e0",
          "file": "fixtures-validation.spec.ts",
          "line": 141,
          "column": 5
        },
        {
          "title": "Fixtures Validation - complete E2E flow with all fixtures",
          "ok": false,
          "tags": [],
          "tests": [
            {
              "timeout": 30000,
              "annotations": [],
              "expectedStatus": "passed",
              "projectId": "firefox",
              "projectName": "firefox",
              "results": [
                {
                  "workerIndex": 9,
                  "parallelIndex": 1,
                  "status": "failed",
                  "duration": 16443,
                  "error": {
                    "message": "Error: Failed to authenticate user test1@example.com: URL did not match expected pattern",
                    "stack": "Error: Failed to authenticate user test1@example.com: URL did not match expected pattern\n    at Object.waitForAuthRedirect (C:\\Coding\\HomeMatch_VSCode\\homematch-v2\\__tests__\\fixtures\\utils.ts:110:17)\n    at Object.login (C:\\Coding\\HomeMatch_VSCode\\homematch-v2\\__tests__\\fixtures\\auth.ts:61:11)\n    at C:\\Coding\\HomeMatch_VSCode\\homematch-v2\\__tests__\\e2e\\fixtures-validation.spec.ts:48:5\n    at Object.retry (C:\\Coding\\HomeMatch_VSCode\\homematch-v2\\__tests__\\fixtures\\retry.ts:35:20)\n    at C:\\Coding\\HomeMatch_VSCode\\homematch-v2\\__tests__\\e2e\\fixtures-validation.spec.ts:46:3",
                    "location": {
                      "file": "C:\\Coding\\HomeMatch_VSCode\\homematch-v2\\__tests__\\fixtures\\utils.ts",
                      "column": 17,
                      "line": 110
                    },
                    "snippet": "\u001b[90m   at \u001b[39m..\\fixtures\\utils.ts:110\n\n\u001b[0m \u001b[90m 108 |\u001b[39m           }\n \u001b[90m 109 |\u001b[39m           \n\u001b[31m\u001b[1m>\u001b[22m\u001b[39m\u001b[90m 110 |\u001b[39m           \u001b[36mthrow\u001b[39m \u001b[36mnew\u001b[39m \u001b[33mError\u001b[39m(\u001b[32m`${errorMessage}: URL did not match expected pattern`\u001b[39m)\n \u001b[90m     |\u001b[39m                 \u001b[31m\u001b[1m^\u001b[22m\u001b[39m\n \u001b[90m 111 |\u001b[39m         }\n \u001b[90m 112 |\u001b[39m       }\n \u001b[90m 113 |\u001b[39m     }\u001b[0m"
                  },
                  "errors": [
                    {
                      "location": {
                        "file": "C:\\Coding\\HomeMatch_VSCode\\homematch-v2\\__tests__\\fixtures\\utils.ts",
                        "column": 17,
                        "line": 110
                      },
                      "message": "Error: Failed to authenticate user test1@example.com: URL did not match expected pattern\n\n   at ..\\fixtures\\utils.ts:110\n\n  108 |           }\n  109 |           \n> 110 |           throw new Error(`${errorMessage}: URL did not match expected pattern`)\n      |                 ^\n  111 |         }\n  112 |       }\n  113 |     }\n    at Object.waitForAuthRedirect (C:\\Coding\\HomeMatch_VSCode\\homematch-v2\\__tests__\\fixtures\\utils.ts:110:17)\n    at Object.login (C:\\Coding\\HomeMatch_VSCode\\homematch-v2\\__tests__\\fixtures\\auth.ts:61:11)\n    at C:\\Coding\\HomeMatch_VSCode\\homematch-v2\\__tests__\\e2e\\fixtures-validation.spec.ts:48:5\n    at Object.retry (C:\\Coding\\HomeMatch_VSCode\\homematch-v2\\__tests__\\fixtures\\retry.ts:35:20)\n    at C:\\Coding\\HomeMatch_VSCode\\homematch-v2\\__tests__\\e2e\\fixtures-validation.spec.ts:46:3"
                    }
                  ],
                  "stdout": [
                    {
                      "text": "\u001b[36m[2025-07-31T05:34:07.156Z] [INFO] [STEP]\u001b[0m Starting test: Fixtures Validation - complete E2E flow with all fixtures\n"
                    },
                    {
                      "text": "\u001b[36m[2025-07-31T05:34:07.159Z] [INFO] [STEP]\u001b[0m ðŸš€ Starting complete fixtures validation test\n"
                    },
                    {
                      "text": "\u001b[36m[2025-07-31T05:34:07.159Z] [INFO] [STEP]\u001b[0m Phase 1: Testing basic page operations\n"
                    },
                    {
                      "text": "\u001b[36m[2025-07-31T05:34:09.336Z] [INFO] [PAGE]\u001b[0m Home page loaded successfully\n"
                    },
                    {
                      "text": "\u001b[36m[2025-07-31T05:34:09.337Z] [INFO] [STEP]\u001b[0m Phase 2: Testing complete authentication flow\n"
                    },
                    {
                      "text": "\u001b[36m[2025-07-31T05:34:09.359Z] [INFO] [AUTH]\u001b[0m initial_check - success\n"
                    },
                    {
                      "text": "\u001b[36m  Data:\u001b[0m { authenticated: \u001b[33mfalse\u001b[39m }\n"
                    },
                    {
                      "text": "\u001b[36m[2025-07-31T05:34:09.359Z] [INFO] [STEP]\u001b[0m Attempting login with test user\n"
                    },
                    {
                      "text": "\u001b[33m[2025-07-31T05:34:19.712Z] [WARN] [CONSOLE]\u001b[0m [JavaScript Warning: \"The resource at â€œhttp://localhost:3000/_next/static/media/8ee3a1ba4ed5baee-s.p.be19f591.woff2â€ preloaded with link preload was not used within a few seconds. Make sure all attributes of the preload tag are set correctly.\" {file: \"http://localhost:3000/login\" line: 0}]\n"
                    },
                    {
                      "text": "\u001b[33m  Data:\u001b[0m {\n  location: {\n    url: \u001b[32m'http://localhost:3000/login'\u001b[39m,\n    lineNumber: \u001b[33m0\u001b[39m,\n    columnNumber: \u001b[33m1\u001b[39m\n  }\n}\n"
                    },
                    {
                      "text": "\u001b[33m[2025-07-31T05:34:19.712Z] [WARN] [CONSOLE]\u001b[0m [JavaScript Warning: \"The resource at â€œhttp://localhost:3000/_next/static/media/b0a57561b6cb5495-s.p.da1ebef7.woff2â€ preloaded with link preload was not used within a few seconds. Make sure all attributes of the preload tag are set correctly.\" {file: \"http://localhost:3000/login\" line: 0}]\n"
                    },
                    {
                      "text": "\u001b[33m  Data:\u001b[0m {\n  location: {\n    url: \u001b[32m'http://localhost:3000/login'\u001b[39m,\n    lineNumber: \u001b[33m0\u001b[39m,\n    columnNumber: \u001b[33m1\u001b[39m\n  }\n}\n"
                    },
                    {
                      "text": "\u001b[36m[2025-07-31T05:34:22.534Z] [INFO] [TEST_COMPLETE]\u001b[0m Test failed: Fixtures Validation - complete E2E flow with all fixtures\n"
                    },
                    {
                      "text": "\u001b[36m  Data:\u001b[0m { duration: \u001b[33m16412\u001b[39m, status: \u001b[32m'failed'\u001b[39m, errors: \u001b[33m1\u001b[39m }\n"
                    },
                    {
                      "text": "ðŸ“Š Test failure logs saved\n"
                    },
                    {
                      "text": "{\n  \"total\": 10,\n  \"byLevel\": {\n    \"info\": 8,\n    \"warn\": 2,\n    \"error\": 0,\n    \"debug\": 0\n  },\n  \"byCategory\": {\n    \"STEP\": 5,\n    \"PAGE\": 1,\n    \"AUTH\": 1,\n    \"CONSOLE\": 2,\n    \"TEST_COMPLETE\": 1\n  }\n}\n"
                    }
                  ],
                  "stderr": [],
                  "retry": 0,
                  "startTime": "2025-07-31T05:34:05.541Z",
                  "annotations": [],
                  "attachments": [
                    {
                      "name": "error-context",
                      "contentType": "text/markdown",
                      "path": "C:\\Coding\\HomeMatch_VSCode\\homematch-v2\\test-results\\fixtures-validation-Fixtur-58bdb--E2E-flow-with-all-fixtures-firefox\\error-context.md"
                    }
                  ],
                  "errorLocation": {
                    "file": "C:\\Coding\\HomeMatch_VSCode\\homematch-v2\\__tests__\\fixtures\\utils.ts",
                    "column": 17,
                    "line": 110
                  }
                }
              ],
              "status": "unexpected"
            }
          ],
          "id": "aecf7bf3fc2faa852289-682180a8314be59268af",
          "file": "fixtures-validation.spec.ts",
          "line": 12,
          "column": 5
        },
        {
          "title": "Fixtures Validation - error handling and retry mechanisms",
          "ok": true,
          "tags": [],
          "tests": [
            {
              "timeout": 30000,
              "annotations": [],
              "expectedStatus": "passed",
              "projectId": "firefox",
              "projectName": "firefox",
              "results": [
                {
                  "workerIndex": 20,
                  "parallelIndex": 1,
                  "status": "passed",
                  "duration": 2209,
                  "errors": [],
                  "stdout": [
                    {
                      "text": "\u001b[36m[2025-07-31T05:34:26.729Z] [INFO] [STEP]\u001b[0m Starting test: Fixtures Validation - error handling and retry mechanisms\n"
                    },
                    {
                      "text": "\u001b[36m[2025-07-31T05:34:26.731Z] [INFO] [STEP]\u001b[0m ðŸ”§ Testing error handling and retry mechanisms\n"
                    },
                    {
                      "text": "\u001b[33m[2025-07-31T05:34:26.731Z] [WARN] [RETRY]\u001b[0m Attempt 1 failed: Simulated network failure\n"
                    },
                    {
                      "text": "\u001b[33m[2025-07-31T05:34:26.843Z] [WARN] [RETRY]\u001b[0m Attempt 2 failed: Simulated network failure\n"
                    },
                    {
                      "text": "\u001b[36m[2025-07-31T05:34:27.618Z] [INFO] [RETRY]\u001b[0m Retry mechanism working correctly\n"
                    },
                    {
                      "text": "\u001b[36m  Data:\u001b[0m { attempts: \u001b[33m3\u001b[39m }\n"
                    },
                    {
                      "text": "\u001b[36m[2025-07-31T05:34:27.808Z] [INFO] [STEP]\u001b[0m âœ… Error handling validation completed\n"
                    },
                    {
                      "text": "\u001b[36m[2025-07-31T05:34:27.811Z] [INFO] [TEST_COMPLETE]\u001b[0m Test passed: Fixtures Validation - error handling and retry mechanisms\n"
                    },
                    {
                      "text": "\u001b[36m  Data:\u001b[0m { duration: \u001b[33m2165\u001b[39m, status: \u001b[32m'passed'\u001b[39m, errors: \u001b[33m0\u001b[39m }\n"
                    }
                  ],
                  "stderr": [],
                  "retry": 0,
                  "startTime": "2025-07-31T05:34:24.876Z",
                  "annotations": [],
                  "attachments": []
                }
              ],
              "status": "expected"
            }
          ],
          "id": "aecf7bf3fc2faa852289-98ef1052061d5a699473",
          "file": "fixtures-validation.spec.ts",
          "line": 105,
          "column": 5
        },
        {
          "title": "Fixtures Validation - TypeScript integration and type safety",
          "ok": true,
          "tags": [],
          "tests": [
            {
              "timeout": 30000,
              "annotations": [],
              "expectedStatus": "passed",
              "projectId": "firefox",
              "projectName": "firefox",
              "results": [
                {
                  "workerIndex": 20,
                  "parallelIndex": 1,
                  "status": "passed",
                  "duration": 3738,
                  "errors": [],
                  "stdout": [
                    {
                      "text": "\u001b[36m[2025-07-31T05:34:28.197Z] [INFO] [STEP]\u001b[0m Starting test: Fixtures Validation - TypeScript integration and type safety\n"
                    },
                    {
                      "text": "\u001b[36m[2025-07-31T05:34:28.198Z] [INFO] [STEP]\u001b[0m ðŸ” Testing TypeScript integration and type safety\n"
                    },
                    {
                      "text": "\u001b[36m[2025-07-31T05:34:31.586Z] [INFO] [STEP]\u001b[0m Testing logger method signatures\n"
                    },
                    {
                      "text": "\u001b[36m[2025-07-31T05:34:31.586Z] [INFO] [TEST]\u001b[0m This is a test message\n"
                    },
                    {
                      "text": "\u001b[36m  Data:\u001b[0m { data: \u001b[32m'test'\u001b[39m }\n"
                    },
                    {
                      "text": "\u001b[33m[2025-07-31T05:34:31.587Z] [WARN] [TEST]\u001b[0m This is a warning\n"
                    },
                    {
                      "text": "\u001b[33m  Data:\u001b[0m { level: \u001b[32m'warn'\u001b[39m }\n"
                    },
                    {
                      "text": "\u001b[36m[2025-07-31T05:34:31.589Z] [INFO] [STEP]\u001b[0m âœ… TypeScript integration validation completed\n"
                    },
                    {
                      "text": "\u001b[36m[2025-07-31T05:34:31.590Z] [INFO] [TEST_COMPLETE]\u001b[0m Test passed: Fixtures Validation - TypeScript integration and type safety\n"
                    },
                    {
                      "text": "\u001b[36m  Data:\u001b[0m { duration: \u001b[33m3725\u001b[39m, status: \u001b[32m'passed'\u001b[39m, errors: \u001b[33m0\u001b[39m }\n"
                    }
                  ],
                  "stderr": [],
                  "retry": 0,
                  "startTime": "2025-07-31T05:34:27.858Z",
                  "annotations": [],
                  "attachments": []
                }
              ],
              "status": "expected"
            }
          ],
          "id": "aecf7bf3fc2faa852289-388c2daab43b96153d66",
          "file": "fixtures-validation.spec.ts",
          "line": 141,
          "column": 5
        },
        {
          "title": "Fixtures Validation - complete E2E flow with all fixtures",
          "ok": false,
          "tags": [],
          "tests": [
            {
              "timeout": 30000,
              "annotations": [],
              "expectedStatus": "passed",
              "projectId": "webkit",
              "projectName": "webkit",
              "results": [
                {
                  "workerIndex": 21,
                  "parallelIndex": 2,
                  "status": "failed",
                  "duration": 16005,
                  "error": {
                    "message": "Error: Failed to authenticate user test1@example.com: URL did not match expected pattern",
                    "stack": "Error: Failed to authenticate user test1@example.com: URL did not match expected pattern\n    at Object.waitForAuthRedirect (C:\\Coding\\HomeMatch_VSCode\\homematch-v2\\__tests__\\fixtures\\utils.ts:110:17)\n    at Object.login (C:\\Coding\\HomeMatch_VSCode\\homematch-v2\\__tests__\\fixtures\\auth.ts:61:11)\n    at C:\\Coding\\HomeMatch_VSCode\\homematch-v2\\__tests__\\e2e\\fixtures-validation.spec.ts:48:5\n    at Object.retry (C:\\Coding\\HomeMatch_VSCode\\homematch-v2\\__tests__\\fixtures\\retry.ts:35:20)\n    at C:\\Coding\\HomeMatch_VSCode\\homematch-v2\\__tests__\\e2e\\fixtures-validation.spec.ts:46:3",
                    "location": {
                      "file": "C:\\Coding\\HomeMatch_VSCode\\homematch-v2\\__tests__\\fixtures\\utils.ts",
                      "column": 17,
                      "line": 110
                    },
                    "snippet": "\u001b[90m   at \u001b[39m..\\fixtures\\utils.ts:110\n\n\u001b[0m \u001b[90m 108 |\u001b[39m           }\n \u001b[90m 109 |\u001b[39m           \n\u001b[31m\u001b[1m>\u001b[22m\u001b[39m\u001b[90m 110 |\u001b[39m           \u001b[36mthrow\u001b[39m \u001b[36mnew\u001b[39m \u001b[33mError\u001b[39m(\u001b[32m`${errorMessage}: URL did not match expected pattern`\u001b[39m)\n \u001b[90m     |\u001b[39m                 \u001b[31m\u001b[1m^\u001b[22m\u001b[39m\n \u001b[90m 111 |\u001b[39m         }\n \u001b[90m 112 |\u001b[39m       }\n \u001b[90m 113 |\u001b[39m     }\u001b[0m"
                  },
                  "errors": [
                    {
                      "location": {
                        "file": "C:\\Coding\\HomeMatch_VSCode\\homematch-v2\\__tests__\\fixtures\\utils.ts",
                        "column": 17,
                        "line": 110
                      },
                      "message": "Error: Failed to authenticate user test1@example.com: URL did not match expected pattern\n\n   at ..\\fixtures\\utils.ts:110\n\n  108 |           }\n  109 |           \n> 110 |           throw new Error(`${errorMessage}: URL did not match expected pattern`)\n      |                 ^\n  111 |         }\n  112 |       }\n  113 |     }\n    at Object.waitForAuthRedirect (C:\\Coding\\HomeMatch_VSCode\\homematch-v2\\__tests__\\fixtures\\utils.ts:110:17)\n    at Object.login (C:\\Coding\\HomeMatch_VSCode\\homematch-v2\\__tests__\\fixtures\\auth.ts:61:11)\n    at C:\\Coding\\HomeMatch_VSCode\\homematch-v2\\__tests__\\e2e\\fixtures-validation.spec.ts:48:5\n    at Object.retry (C:\\Coding\\HomeMatch_VSCode\\homematch-v2\\__tests__\\fixtures\\retry.ts:35:20)\n    at C:\\Coding\\HomeMatch_VSCode\\homematch-v2\\__tests__\\e2e\\fixtures-validation.spec.ts:46:3"
                    }
                  ],
                  "stdout": [
                    {
                      "text": "\u001b[36m[2025-07-31T05:34:30.236Z] [INFO] [STEP]\u001b[0m Starting test: Fixtures Validation - complete E2E flow with all fixtures\n"
                    },
                    {
                      "text": "\u001b[36m[2025-07-31T05:34:30.238Z] [INFO] [STEP]\u001b[0m ðŸš€ Starting complete fixtures validation test\n"
                    },
                    {
                      "text": "\u001b[36m[2025-07-31T05:34:30.238Z] [INFO] [STEP]\u001b[0m Phase 1: Testing basic page operations\n"
                    },
                    {
                      "text": "\u001b[36m[2025-07-31T05:34:32.021Z] [INFO] [PAGE]\u001b[0m Home page loaded successfully\n"
                    },
                    {
                      "text": "\u001b[36m[2025-07-31T05:34:32.021Z] [INFO] [STEP]\u001b[0m Phase 2: Testing complete authentication flow\n"
                    },
                    {
                      "text": "\u001b[36m[2025-07-31T05:34:32.063Z] [INFO] [AUTH]\u001b[0m initial_check - success\n"
                    },
                    {
                      "text": "\u001b[36m  Data:\u001b[0m { authenticated: \u001b[33mfalse\u001b[39m }\n"
                    },
                    {
                      "text": "\u001b[36m[2025-07-31T05:34:32.064Z] [INFO] [STEP]\u001b[0m Attempting login with test user\n"
                    },
                    {
                      "text": "\u001b[31m[2025-07-31T05:34:36.196Z] [ERROR] [CONSOLE]\u001b[0m Failed to load resource: the server responded with a status of 400 ()\n"
                    },
                    {
                      "text": "\u001b[31m  Data:\u001b[0m {\n  location: {\n    url: \u001b[32m'https://lpwlbbowavozpywnpamn.supabase.co/auth/v1/token?grant_type=password'\u001b[39m,\n    lineNumber: \u001b[33m0\u001b[39m,\n    columnNumber: \u001b[33m0\u001b[39m\n  }\n}\n"
                    },
                    {
                      "text": "\u001b[36m[2025-07-31T05:34:46.017Z] [INFO] [TEST_COMPLETE]\u001b[0m Test failed: Fixtures Validation - complete E2E flow with all fixtures\n"
                    },
                    {
                      "text": "\u001b[36m  Data:\u001b[0m { duration: \u001b[33m15980\u001b[39m, status: \u001b[32m'failed'\u001b[39m, errors: \u001b[33m1\u001b[39m }\n"
                    },
                    {
                      "text": "ðŸ“Š Test failure logs saved\n"
                    },
                    {
                      "text": "{\n  \"total\": 9,\n  \"byLevel\": {\n    \"info\": 8,\n    \"warn\": 0,\n    \"error\": 1,\n    \"debug\": 0\n  },\n  \"byCategory\": {\n    \"STEP\": 5,\n    \"PAGE\": 1,\n    \"AUTH\": 1,\n    \"CONSOLE\": 1,\n    \"TEST_COMPLETE\": 1\n  }\n}\n"
                    }
                  ],
                  "stderr": [],
                  "retry": 0,
                  "startTime": "2025-07-31T05:34:29.975Z",
                  "annotations": [],
                  "attachments": [
                    {
                      "name": "error-context",
                      "contentType": "text/markdown",
                      "path": "C:\\Coding\\HomeMatch_VSCode\\homematch-v2\\test-results\\fixtures-validation-Fixtur-58bdb--E2E-flow-with-all-fixtures-webkit\\error-context.md"
                    }
                  ],
                  "errorLocation": {
                    "file": "C:\\Coding\\HomeMatch_VSCode\\homematch-v2\\__tests__\\fixtures\\utils.ts",
                    "column": 17,
                    "line": 110
                  }
                }
              ],
              "status": "unexpected"
            }
          ],
          "id": "aecf7bf3fc2faa852289-86982dfe5daba3577624",
          "file": "fixtures-validation.spec.ts",
          "line": 12,
          "column": 5
        },
        {
          "title": "Fixtures Validation - error handling and retry mechanisms",
          "ok": true,
          "tags": [],
          "tests": [
            {
              "timeout": 30000,
              "annotations": [],
              "expectedStatus": "passed",
              "projectId": "webkit",
              "projectName": "webkit",
              "results": [
                {
                  "workerIndex": 24,
                  "parallelIndex": 0,
                  "status": "passed",
                  "duration": 857,
                  "errors": [],
                  "stdout": [
                    {
                      "text": "\u001b[36m[2025-07-31T05:34:47.157Z] [INFO] [STEP]\u001b[0m Starting test: Fixtures Validation - error handling and retry mechanisms\n"
                    },
                    {
                      "text": "\u001b[36m[2025-07-31T05:34:47.158Z] [INFO] [STEP]\u001b[0m ðŸ”§ Testing error handling and retry mechanisms\n"
                    },
                    {
                      "text": "\u001b[33m[2025-07-31T05:34:47.159Z] [WARN] [RETRY]\u001b[0m Attempt 1 failed: Simulated network failure\n"
                    },
                    {
                      "text": "\u001b[33m[2025-07-31T05:34:47.273Z] [WARN] [RETRY]\u001b[0m Attempt 2 failed: Simulated network failure\n"
                    },
                    {
                      "text": "\u001b[36m[2025-07-31T05:34:47.784Z] [INFO] [RETRY]\u001b[0m Retry mechanism working correctly\n"
                    },
                    {
                      "text": "\u001b[36m  Data:\u001b[0m { attempts: \u001b[33m3\u001b[39m }\n"
                    },
                    {
                      "text": "\u001b[36m[2025-07-31T05:34:47.839Z] [INFO] [STEP]\u001b[0m âœ… Error handling validation completed\n"
                    },
                    {
                      "text": "\u001b[36m[2025-07-31T05:34:47.841Z] [INFO] [TEST_COMPLETE]\u001b[0m Test passed: Fixtures Validation - error handling and retry mechanisms\n"
                    },
                    {
                      "text": "\u001b[36m  Data:\u001b[0m { duration: \u001b[33m846\u001b[39m, status: \u001b[32m'passed'\u001b[39m, errors: \u001b[33m0\u001b[39m }\n"
                    }
                  ],
                  "stderr": [],
                  "retry": 0,
                  "startTime": "2025-07-31T05:34:46.951Z",
                  "annotations": [],
                  "attachments": []
                }
              ],
              "status": "expected"
            }
          ],
          "id": "aecf7bf3fc2faa852289-0d40f01a60d50fc1a5e6",
          "file": "fixtures-validation.spec.ts",
          "line": 105,
          "column": 5
        },
        {
          "title": "Fixtures Validation - TypeScript integration and type safety",
          "ok": true,
          "tags": [],
          "tests": [
            {
              "timeout": 30000,
              "annotations": [],
              "expectedStatus": "passed",
              "projectId": "webkit",
              "projectName": "webkit",
              "results": [
                {
                  "workerIndex": 24,
                  "parallelIndex": 0,
                  "status": "passed",
                  "duration": 3298,
                  "errors": [],
                  "stdout": [
                    {
                      "text": "\u001b[36m[2025-07-31T05:34:48.036Z] [INFO] [STEP]\u001b[0m Starting test: Fixtures Validation - TypeScript integration and type safety\n"
                    },
                    {
                      "text": "\u001b[36m[2025-07-31T05:34:48.036Z] [INFO] [STEP]\u001b[0m ðŸ” Testing TypeScript integration and type safety\n"
                    },
                    {
                      "text": "\u001b[36m[2025-07-31T05:34:51.147Z] [INFO] [STEP]\u001b[0m Testing logger method signatures\n"
                    },
                    {
                      "text": "\u001b[36m[2025-07-31T05:34:51.147Z] [INFO] [TEST]\u001b[0m This is a test message\n"
                    },
                    {
                      "text": "\u001b[36m  Data:\u001b[0m { data: \u001b[32m'test'\u001b[39m }\n"
                    },
                    {
                      "text": "\u001b[33m[2025-07-31T05:34:51.147Z] [WARN] [TEST]\u001b[0m This is a warning\n"
                    },
                    {
                      "text": "\u001b[33m  Data:\u001b[0m { level: \u001b[32m'warn'\u001b[39m }\n"
                    },
                    {
                      "text": "\u001b[36m[2025-07-31T05:34:51.148Z] [INFO] [STEP]\u001b[0m âœ… TypeScript integration validation completed\n"
                    },
                    {
                      "text": "\u001b[36m[2025-07-31T05:34:51.149Z] [INFO] [TEST_COMPLETE]\u001b[0m Test passed: Fixtures Validation - TypeScript integration and type safety\n"
                    },
                    {
                      "text": "\u001b[36m  Data:\u001b[0m { duration: \u001b[33m3289\u001b[39m, status: \u001b[32m'passed'\u001b[39m, errors: \u001b[33m0\u001b[39m }\n"
                    }
                  ],
                  "stderr": [],
                  "retry": 0,
                  "startTime": "2025-07-31T05:34:47.854Z",
                  "annotations": [],
                  "attachments": []
                }
              ],
              "status": "expected"
            }
          ],
          "id": "aecf7bf3fc2faa852289-5ca7f665da5e72c3b739",
          "file": "fixtures-validation.spec.ts",
          "line": 141,
          "column": 5
        }
      ]
    }
  ],
  "errors": [],
  "stats": {
    "startTime": "2025-07-31T05:33:50.438Z",
    "duration": 61836.27,
    "expected": 33,
    "skipped": 0,
    "unexpected": 15,
    "flaky": 0
  }
}
